2022-05-15 08:27:14,188 [main] INFO ecommerce - Registration FirstName is: Sharanya
2022-05-15 08:27:14,356 [main] INFO ecommerce - Rajasekaran
2022-05-15 08:27:14,454 [main] INFO ecommerce - 0123456789
2022-05-15 08:27:14,634 [main] INFO ecommerce - Sharanya.rajasekarann@gmail.com
2022-05-15 08:27:14,756 [main] INFO ecommerce - Tenderfoot@2020
2022-05-15 08:29:40,691 [main] INFO ecommerce - ****************************
2022-05-15 08:29:40,694 [main] INFO ecommerce - This is from BaseClass: ApplicationURL: https://www.walmart.ca/sign-in
2022-05-15 08:29:41,514 [main] INFO ecommerce - Registration FirstName is: Sharanya
2022-05-15 08:29:41,624 [main] INFO ecommerce - Rajasekaran
2022-05-15 08:29:41,771 [main] INFO ecommerce - 0123456789
2022-05-15 08:29:41,977 [main] INFO ecommerce - Sharanya.rajasekarann@gmail.com
2022-05-15 08:29:42,102 [main] INFO ecommerce - Tenderfoot@2020
2022-05-15 08:52:35,951 [main] INFO ecommerce - ****************************
2022-05-15 08:52:35,954 [main] INFO ecommerce - This is from BaseClass: ApplicationURL: https://www.walmart.ca/sign-in
2022-05-15 08:52:37,097 [main] INFO ecommerce - Registration FirstName is: Sharanya
2022-05-15 08:52:37,205 [main] INFO ecommerce - Rajasekaran
2022-05-15 08:52:37,312 [main] INFO ecommerce - 0123456789
2022-05-15 08:52:37,533 [main] INFO ecommerce - Sharanya.rajasekarann@gmail.com
2022-05-15 08:52:37,663 [main] INFO ecommerce - Tenderfoot@2020
2022-05-15 08:52:37,872 [main] INFO ecommerce - Walmart Canada>>>>>>
2022-05-15 08:56:54,274 [main] INFO ecommerce - ****************************
2022-05-15 08:56:54,278 [main] INFO ecommerce - This is from BaseClass: ApplicationURL: https://www.walmart.ca/sign-in
2022-05-15 08:56:55,105 [main] INFO ecommerce - Registration FirstName is: Sharanya
2022-05-15 08:56:55,218 [main] INFO ecommerce - Rajasekaran
2022-05-15 08:56:55,320 [main] INFO ecommerce - 0123456789
2022-05-15 08:56:55,522 [main] INFO ecommerce - Sharanya.rajasekarann@gmail.com
2022-05-15 08:56:55,680 [main] INFO ecommerce - Tenderfoot@2020
2022-05-15 08:56:55,903 [main] INFO ecommerce - Walmart Canada>>>>>>
2022-05-15 09:36:36,100 [main] INFO ecommerce - ****************************
2022-05-15 09:36:36,103 [main] INFO ecommerce - This is from BaseClass: ApplicationURL: https://www.walmart.ca/sign-in
2022-05-15 09:36:37,011 [main] INFO ecommerce - Registration FirstName is: Sharanya
2022-05-15 09:36:37,118 [main] INFO ecommerce - Rajasekaran
2022-05-15 09:36:37,217 [main] INFO ecommerce - 0123456789
2022-05-15 09:36:37,402 [main] INFO ecommerce - Sharanya.rajasekarann@gmail.com
2022-05-15 09:36:37,513 [main] INFO ecommerce - Tenderfoot@2020
2022-05-15 09:36:37,712 [main] INFO ecommerce - Walmart Canada>>>>>>
2022-05-15 09:52:05,047 [main] INFO ecommerce - ****************************
2022-05-15 09:52:05,049 [main] INFO ecommerce - This is from BaseClass: ApplicationURL: https://www.walmart.ca/sign-in
2022-05-15 09:52:05,836 [main] INFO ecommerce - Registration FirstName is: Sharanya
2022-05-15 09:52:05,939 [main] INFO ecommerce - Rajasekaran
2022-05-15 09:52:06,040 [main] INFO ecommerce - 0123456789
2022-05-15 09:52:06,238 [main] INFO ecommerce - Sharanya.rajasekarann@gmail.com
2022-05-15 09:52:06,357 [main] INFO ecommerce - Tenderfoot@2020
2022-05-15 09:52:06,559 [main] INFO ecommerce - Walmart Canada>>>>>>
2022-05-15 09:54:32,571 [main] INFO ecommerce - ****************************
2022-05-15 09:54:32,574 [main] INFO ecommerce - This is from BaseClass: ApplicationURL: https://www.walmart.ca/sign-in
2022-05-15 09:54:33,481 [main] INFO ecommerce - Registration FirstName is: Sharanya
2022-05-15 09:54:33,582 [main] INFO ecommerce - Rajasekaran
2022-05-15 09:54:33,678 [main] INFO ecommerce - 0123456789
2022-05-15 09:54:33,870 [main] INFO ecommerce - Sharanya.rajasekarann@gmail.com
2022-05-15 09:54:33,982 [main] INFO ecommerce - Tenderfoot@2020
2022-05-15 09:54:34,187 [main] INFO ecommerce - Walmart Canada>>>>>>
2022-05-15 10:00:28,683 [main] INFO ecommerce - ****************************
2022-05-15 10:00:28,686 [main] INFO ecommerce - This is from BaseClass: ApplicationURL: https://www.walmart.ca/sign-in
2022-05-15 10:00:29,441 [main] INFO ecommerce - Registration FirstName is: Sharanya
2022-05-15 10:00:29,546 [main] INFO ecommerce - Rajasekaran
2022-05-15 10:00:29,645 [main] INFO ecommerce - 0123456789
2022-05-15 10:00:29,839 [main] INFO ecommerce - Sharanya.rajasekarann@gmail.com
2022-05-15 10:00:29,966 [main] INFO ecommerce - Tenderfoot@2020
2022-05-15 10:00:30,179 [main] INFO ecommerce - Walmart Canada>>>>>>
2022-05-15 10:05:07,088 [main] INFO ecommerce - ****************************
2022-05-15 10:05:07,091 [main] INFO ecommerce - This is from BaseClass: ApplicationURL: https://www.walmart.ca/sign-in
2022-05-15 10:05:08,051 [main] INFO ecommerce - Registration FirstName is: Sharanya
2022-05-15 10:05:08,159 [main] INFO ecommerce - Rajasekaran
2022-05-15 10:05:08,261 [main] INFO ecommerce - 0123456789
2022-05-15 10:05:08,455 [main] INFO ecommerce - Sharanya.rajasekarann@gmail.com
2022-05-15 10:05:08,569 [main] INFO ecommerce - Tenderfoot@2020
2022-05-15 10:05:08,767 [main] INFO ecommerce - Walmart Canada>>>>>>
2022-05-15 10:44:30,241 [main] INFO ecommerce - ****************************
2022-05-15 10:44:30,244 [main] INFO ecommerce - This is from BaseClass: ApplicationURL: https://www.walmart.ca/sign-in
2022-05-15 10:44:31,060 [main] INFO ecommerce - Registration FirstName is: Sharanya
2022-05-15 10:44:31,170 [main] INFO ecommerce - Rajasekaran
2022-05-15 10:44:31,273 [main] INFO ecommerce - 0123456789
2022-05-15 10:44:31,466 [main] INFO ecommerce - Sharanya.rajasekarann@gmail.com
2022-05-15 10:44:31,581 [main] INFO ecommerce - Tenderfoot@2020
2022-05-15 10:44:31,787 [main] INFO ecommerce - Walmart Canada>>>>>>
2022-05-15 10:51:51,155 [main] INFO ecommerce - ****************************
2022-05-15 10:51:51,158 [main] INFO ecommerce - This is from BaseClass: ApplicationURL: https://www.walmart.ca/sign-in
2022-05-15 10:51:51,844 [main] INFO ecommerce - Registration FirstName is: Sharanya
2022-05-15 10:51:51,958 [main] INFO ecommerce - Rajasekaran
2022-05-15 10:51:52,052 [main] INFO ecommerce - 0123456789
2022-05-15 10:51:52,248 [main] INFO ecommerce - Sharanya.rajasekarann@gmail.com
2022-05-15 10:51:52,366 [main] INFO ecommerce - Tenderfoot@2020
2022-05-15 10:51:52,572 [main] INFO ecommerce - Walmart Canada>>>>>>
2022-05-15 11:03:04,465 [main] INFO ecommerce - ****************************
2022-05-15 11:03:04,469 [main] INFO ecommerce - This is from BaseClass: ApplicationURL: https://www.walmart.ca/sign-in
2022-05-15 11:03:05,341 [main] INFO ecommerce - Registration FirstName is: Sharanya
2022-05-15 11:03:05,447 [main] INFO ecommerce - Rajasekaran
2022-05-15 11:03:05,546 [main] INFO ecommerce - 0123456789
2022-05-15 11:03:05,736 [main] INFO ecommerce - Sharanya.rajasekarann@gmail.com
2022-05-15 11:03:05,849 [main] INFO ecommerce - Tenderfoot@2020
2022-05-15 11:03:06,069 [main] INFO ecommerce - Walmart Canada>>>>>>
2022-05-15 11:08:15,849 [main] INFO ecommerce - ****************************
2022-05-15 11:08:15,852 [main] INFO ecommerce - This is from BaseClass: ApplicationURL: https://www.walmart.ca/sign-in
2022-05-15 11:08:16,584 [main] INFO ecommerce - Registration FirstName is: Sharanya
2022-05-15 11:08:16,703 [main] INFO ecommerce - Rajasekaran
2022-05-15 11:08:16,807 [main] INFO ecommerce - 0123456789
2022-05-15 11:08:17,018 [main] INFO ecommerce - Sharanya.rajasekarann@gmail.com
2022-05-15 11:08:17,151 [main] INFO ecommerce - Tenderfoot@2020
2022-05-15 11:08:17,441 [main] INFO ecommerce - Walmart Canada>>>>>>
2022-05-15 11:11:20,207 [main] INFO ecommerce - ****************************
2022-05-15 11:11:20,210 [main] INFO ecommerce - This is from BaseClass: ApplicationURL: https://www.walmart.ca/sign-in
2022-05-15 11:11:21,068 [main] INFO ecommerce - Registration FirstName is: Sharanya
2022-05-15 11:11:21,183 [main] INFO ecommerce - Rajasekaran
2022-05-15 11:11:21,286 [main] INFO ecommerce - 0123456789
2022-05-15 11:11:21,474 [main] INFO ecommerce - Sharanya.rajasekarann@gmail.com
2022-05-15 11:11:21,592 [main] INFO ecommerce - Tenderfoot@2020
2022-05-15 11:11:21,799 [main] INFO ecommerce - Walmart Canada>>>>>>
2022-05-15 11:54:07,501 [main] INFO ecommerce - ****************************
2022-05-15 11:54:07,504 [main] INFO ecommerce - This is from BaseClass: ApplicationURL: https://www.walmart.ca/sign-in
2022-05-15 11:54:08,352 [main] INFO ecommerce - Registration FirstName is: Sharanya
2022-05-15 11:54:08,447 [main] INFO ecommerce - Rajasekaran
2022-05-15 11:54:08,534 [main] INFO ecommerce - 0123456789
2022-05-15 11:54:08,705 [main] INFO ecommerce - Sharanya.rajasekarann@gmail.com
2022-05-15 11:54:08,816 [main] INFO ecommerce - Tenderfoot@2020
2022-05-15 11:54:09,006 [main] INFO ecommerce - Walmart Canada>>>>>>
2022-05-15 11:56:59,135 [main] INFO ecommerce - ****************************
2022-05-15 11:56:59,140 [main] INFO ecommerce - This is from BaseClass: ApplicationURL: https://www.walmart.ca/sign-in
2022-05-15 11:57:00,040 [main] INFO ecommerce - Registration FirstName is: Sharanya
2022-05-15 11:57:00,150 [main] INFO ecommerce - Rajasekaran
2022-05-15 11:57:00,250 [main] INFO ecommerce - 0123456789
2022-05-15 11:57:00,444 [main] INFO ecommerce - Sharanya.rajasekarann@gmail.com
2022-05-15 11:57:00,563 [main] INFO ecommerce - Tenderfoot@2020
2022-05-15 11:57:00,786 [main] INFO ecommerce - Walmart Canada>>>>>>
2022-05-15 11:58:53,319 [main] INFO ecommerce - ****************************
2022-05-15 11:58:53,324 [main] INFO ecommerce - This is from BaseClass: ApplicationURL: https://www.walmart.ca/sign-in
2022-05-15 11:58:54,062 [main] INFO ecommerce - Registration FirstName is: Sharanya
2022-05-15 11:58:54,167 [main] INFO ecommerce - Rajasekaran
2022-05-15 11:58:54,261 [main] INFO ecommerce - 0123456789
2022-05-15 11:58:54,447 [main] INFO ecommerce - Sharanya.rajasekarann@gmail.com
2022-05-15 11:58:54,566 [main] INFO ecommerce - Tenderfoot@2020
2022-05-15 11:58:54,783 [main] INFO ecommerce - Walmart Canada>>>>>>
2022-05-15 12:01:48,717 [main] INFO ecommerce - ****************************
2022-05-15 12:01:48,720 [main] INFO ecommerce - This is from BaseClass: ApplicationURL: https://www.walmart.ca/sign-in
2022-05-15 12:01:49,438 [main] INFO ecommerce - Registration FirstName is: Sharanya
2022-05-15 12:01:49,544 [main] INFO ecommerce - Rajasekaran
2022-05-15 12:01:49,679 [main] INFO ecommerce - 0123456789
2022-05-15 12:01:49,864 [main] INFO ecommerce - Sharanya.rajasekarann@gmail.com
2022-05-15 12:01:49,992 [main] INFO ecommerce - Tenderfoot@2020
2022-05-15 12:01:50,204 [main] INFO ecommerce - Walmart Canada>>>>>>
2022-05-15 12:05:18,044 [main] INFO ecommerce - ****************************
2022-05-15 12:05:18,047 [main] INFO ecommerce - This is from BaseClass: ApplicationURL: https://www.walmart.ca/sign-in
2022-05-15 12:05:18,984 [main] INFO ecommerce - Registration FirstName is: Sharanya
2022-05-15 12:05:19,098 [main] INFO ecommerce - Rajasekaran
2022-05-15 12:05:19,196 [main] INFO ecommerce - 0123456789
2022-05-15 12:05:19,401 [main] INFO ecommerce - Sharanya.rajasekarann@gmail.com
2022-05-15 12:05:19,544 [main] INFO ecommerce - Tenderfoot@2020
2022-05-15 12:05:19,740 [main] INFO ecommerce - Walmart Canada>>>>>>
2022-05-15 12:07:21,507 [main] INFO ecommerce - ****************************
2022-05-15 12:07:21,509 [main] INFO ecommerce - This is from BaseClass: ApplicationURL: https://www.walmart.ca/sign-in
2022-05-15 12:07:22,400 [main] INFO ecommerce - Registration FirstName is: Sharanya
2022-05-15 12:07:22,509 [main] INFO ecommerce - Rajasekaran
2022-05-15 12:07:22,607 [main] INFO ecommerce - 0123456789
2022-05-15 12:07:22,795 [main] INFO ecommerce - Sharanya.rajasekarann@gmail.com
2022-05-15 12:07:22,908 [main] INFO ecommerce - Tenderfoot@2020
2022-05-15 12:07:23,136 [main] INFO ecommerce - Walmart Canada>>>>>>
2022-05-15 13:04:46,689 [main] INFO ecommerce - ****************************
2022-05-15 13:04:46,692 [main] INFO ecommerce - This is from BaseClass: ApplicationURL: https://www.walmart.ca/sign-in
2022-05-15 13:04:47,420 [main] INFO ecommerce - Registration FirstName is: Sharanya
2022-05-15 13:04:47,538 [main] INFO ecommerce - Rajasekaran
2022-05-15 13:04:47,637 [main] INFO ecommerce - 0123456789
2022-05-15 13:04:47,826 [main] INFO ecommerce - Sharanya.rajasekarann@gmail.com
2022-05-15 13:04:47,949 [main] INFO ecommerce - Tenderfoot@2020
2022-05-15 13:04:48,188 [main] INFO ecommerce - Walmart Canada>>>>>>
2022-05-15 13:29:10,320 [main] INFO ecommerce - ****************************
2022-05-15 13:29:10,323 [main] INFO ecommerce - This is from BaseClass: ApplicationURL: https://www.walmart.ca/sign-in
2022-05-15 13:29:11,079 [main] INFO ecommerce - user name provided
2022-05-15 13:29:11,153 [main] INFO ecommerce - password provided
2022-05-15 13:29:14,435 [main] INFO ecommerce - user name provided
2022-05-15 13:29:14,529 [main] INFO ecommerce - password provided
2022-05-15 13:29:17,913 [main] INFO ecommerce - user name provided
2022-05-15 13:29:18,021 [main] INFO ecommerce - password provided
2022-05-15 13:29:21,411 [main] INFO ecommerce - user name provided
2022-05-15 13:29:21,512 [main] INFO ecommerce - password provided
2022-05-15 13:29:24,915 [main] INFO ecommerce - user name provided
2022-05-15 13:29:25,004 [main] INFO ecommerce - password provided
2022-05-15 21:09:25,762 [main] INFO ecommerce - ****************************
2022-05-15 21:09:25,766 [main] INFO ecommerce - This is from BaseClass: ApplicationURL: https://www.walmart.ca/sign-in
2022-05-15 21:09:26,717 [main] INFO ecommerce - Registration FirstName is: Sharanya
2022-05-15 21:09:26,834 [main] INFO ecommerce - Rajasekaran
2022-05-15 21:09:26,947 [main] INFO ecommerce - 0123456789
2022-05-15 21:09:27,150 [main] INFO ecommerce - Sharanya.rajasekarann@gmail.com
2022-05-15 21:09:27,279 [main] INFO ecommerce - Tenderfoot@2020
2022-05-15 21:09:27,522 [main] INFO ecommerce - Walmart Canada>>>>>>
2022-05-15 21:11:18,871 [main] INFO ecommerce - ****************************
2022-05-15 21:11:18,879 [main] INFO ecommerce - This is from BaseClass: ApplicationURL: https://www.walmart.ca/sign-in
2022-05-15 21:19:14,752 [main] INFO ecommerce - ****************************
2022-05-15 21:19:14,755 [main] INFO ecommerce - This is from BaseClass: ApplicationURL: https://www.walmart.ca/sign-in
2022-05-15 21:19:15,574 [main] INFO ecommerce - user name provided
2022-05-15 21:19:15,653 [main] INFO ecommerce - password provided
2022-05-15 21:19:19,019 [main] INFO ecommerce - user name provided
2022-05-15 21:19:19,074 [main] INFO ecommerce - password provided
2022-05-15 21:19:22,398 [main] INFO ecommerce - user name provided
2022-05-15 21:19:22,454 [main] INFO ecommerce - password provided
2022-05-15 21:19:25,765 [main] INFO ecommerce - user name provided
2022-05-15 21:19:25,820 [main] INFO ecommerce - password provided
2022-05-15 21:19:29,148 [main] INFO ecommerce - user name provided
2022-05-15 21:19:29,189 [main] INFO ecommerce - password provided
2022-05-15 21:51:47,104 [main] INFO ecommerce - Profile Click passed
2022-05-15 22:23:15,028 [main] INFO ecommerce - recom Click passed
2022-05-15 22:29:39,470 [main] INFO ecommerce - Profile Click passed
2022-05-15 22:37:47,698 [main] INFO ecommerce - Profile Click passed
2022-05-15 22:42:06,943 [main] INFO ecommerce - Profile Click passed
2022-05-15 22:48:55,978 [main] INFO ecommerce - Profile Click passed
2022-05-15 23:09:27,001 [main] INFO ecommerce - Profile Click passed
2022-05-15 23:18:07,033 [main] INFO ecommerce - Profile Click passed
2022-05-15 23:21:45,074 [main] INFO ecommerce - Profile Click passed
2022-05-15 23:24:55,428 [main] INFO ecommerce - Profile Click passed
2022-05-15 23:27:10,296 [main] INFO ecommerce - Profile Click passed
2022-05-15 23:29:01,068 [main] INFO ecommerce - Profile Click passed
2022-05-15 23:29:01,073 [main] INFO ecommerce - recom Click passed
2022-05-15 23:30:30,799 [main] INFO ecommerce - Profile Click passed
2022-05-15 23:31:40,593 [main] INFO ecommerce - Profile Click passed
2022-05-15 23:34:35,089 [main] INFO ecommerce - Profile Click passed
2022-05-15 23:39:51,064 [main] INFO ecommerce - Profile Click passed
2022-05-15 23:44:09,764 [main] INFO ecommerce - Profile Click passed
2022-05-15 23:44:09,803 [main] INFO ecommerce - Recommendation Link Available
2022-05-15 23:45:34,100 [main] INFO ecommerce - Profile Click passed
2022-05-15 23:45:34,142 [main] INFO ecommerce - Recommendation Link Available
2022-05-15 23:51:32,457 [main] INFO ecommerce - Recommendation Link Available
2022-05-15 23:51:35,445 [main] INFO ecommerce - Profile Click passed
2022-05-15 23:51:35,486 [main] INFO ecommerce - Recommendation Link Available
2022-05-15 23:57:47,875 [main] INFO ecommerce - Profile Click passed
2022-05-15 23:57:47,875 [main] INFO ecommerce - Profile Click passed
2022-05-15 23:57:47,875 [main] INFO ecommerce - Profile Click passed
2022-05-15 23:57:47,932 [main] INFO ecommerce - Recommendation Link Available
2022-05-15 23:57:47,932 [main] INFO ecommerce - Recommendation Link Available
2022-05-15 23:57:47,932 [main] INFO ecommerce - Recommendation Link Available
2022-05-16 00:07:56,521 [main] INFO ecommerce - Recommendation Link Available
2022-05-16 00:11:30,906 [main] INFO ecommerce - Recommendation Link Available
2022-05-16 00:11:56,920 [main] INFO ecommerce - Recommendation Link Available
2022-05-16 00:20:27,006 [main] INFO ecommerce - Recommendation Link Available
2022-05-16 00:23:26,340 [main] INFO ecommerce - Recommendation Link Available
2022-05-16 20:07:24,232 [main] INFO ecommerce - Login passed
2022-05-16 20:11:27,416 [main] INFO ecommerce - Login passed
2022-05-16 20:12:42,197 [main] INFO ecommerce - Registration FirstName is: Sharanya
2022-05-16 20:12:42,307 [main] INFO ecommerce - Rajasekaran
2022-05-16 20:12:42,419 [main] INFO ecommerce - 0123456789
2022-05-16 20:12:42,614 [main] INFO ecommerce - Sharanya.rajasekarann@gmail.com
2022-05-16 20:12:42,742 [main] INFO ecommerce - Tenderfoot@2020
2022-05-16 20:12:42,977 [main] INFO ecommerce - Walmart Canada>>>>>>
2022-05-16 20:18:46,501 [main] INFO ecommerce - Registration FirstName is: Sharanya
2022-05-16 20:18:46,605 [main] INFO ecommerce - Rajasekaran
2022-05-16 20:18:46,698 [main] INFO ecommerce - 0123456789
2022-05-16 20:18:46,878 [main] INFO ecommerce - Sharanya.rajasekarann@gmail.com
2022-05-16 20:18:46,997 [main] INFO ecommerce - Tenderfoot@2020
2022-05-16 20:18:47,223 [main] INFO ecommerce - Walmart Canada>>>>>>
2022-05-16 20:20:37,836 [main] INFO ecommerce - Registration FirstName is: Sharanya
2022-05-16 20:20:37,942 [main] INFO ecommerce - Rajasekaran
2022-05-16 20:20:38,040 [main] INFO ecommerce - 0123456789
2022-05-16 20:20:38,221 [main] INFO ecommerce - Sharanya.rajasekarann@gmail.com
2022-05-16 20:20:38,334 [main] INFO ecommerce - Tenderfoot@2020
2022-05-16 20:20:38,548 [main] INFO ecommerce - Walmart Canada>>>>>>
2022-05-16 20:24:39,308 [main] INFO ecommerce - Registration FirstName is: Sharanya
2022-05-16 20:24:39,413 [main] INFO ecommerce - Rajasekaran
2022-05-16 20:24:39,518 [main] INFO ecommerce - 0123456789
2022-05-16 20:24:39,697 [main] INFO ecommerce - Sharanya.rajasekarann@gmail.com
2022-05-16 20:24:39,814 [main] INFO ecommerce - Tenderfoot@2020
2022-05-16 20:24:40,032 [main] INFO ecommerce - Walmart Canada>>>>>>
2022-05-16 20:24:40,461 [main] INFO ecommerce - Registration test failed
2022-05-16 20:26:19,905 [main] INFO ecommerce - Registration FirstName is: Sharanya
2022-05-16 20:26:20,020 [main] INFO ecommerce - Rajasekaran
2022-05-16 20:26:20,124 [main] INFO ecommerce - 0123456789
2022-05-16 20:26:20,308 [main] INFO ecommerce - Sharanya.rajasekarann@gmail.com
2022-05-16 20:26:20,428 [main] INFO ecommerce - Tenderfoot@2020
2022-05-16 20:26:20,635 [main] INFO ecommerce - Walmart Canada>>>>>>
2022-05-16 20:26:21,069 [main] INFO ecommerce - Registration test failed
2022-05-16 20:26:57,869 [main] INFO ecommerce - Registration FirstName is: Sharanya
2022-05-16 20:26:57,981 [main] INFO ecommerce - Rajasekaran
2022-05-16 20:26:58,077 [main] INFO ecommerce - 0123456789
2022-05-16 20:26:58,274 [main] INFO ecommerce - Sharanya.rajasekarann@gmail.com
2022-05-16 20:26:58,395 [main] INFO ecommerce - Tenderfoot@2020
2022-05-16 20:26:58,602 [main] INFO ecommerce - Walmart Canada>>>>>>
2022-05-16 20:26:59,059 [main] INFO ecommerce - Registration test failed
2022-05-16 20:27:28,871 [main] INFO ecommerce - Registration FirstName is: Sharanya
2022-05-16 20:27:28,987 [main] INFO ecommerce - Rajasekaran
2022-05-16 20:27:29,080 [main] INFO ecommerce - 0123456789
2022-05-16 20:27:29,250 [main] INFO ecommerce - Sharanya.rajasekarann@gmail.com
2022-05-16 20:27:29,370 [main] INFO ecommerce - Tenderfoot@2020
2022-05-16 20:27:29,565 [main] INFO ecommerce - Walmart Canada>>>>>>
2022-05-16 20:27:29,991 [main] INFO ecommerce - Registration test failed
2022-05-16 20:31:29,600 [main] INFO ecommerce - Registration FirstName is: Sharanya
2022-05-16 20:31:29,699 [main] INFO ecommerce - Rajasekaran
2022-05-16 20:31:29,790 [main] INFO ecommerce - 0123456789
2022-05-16 20:31:29,962 [main] INFO ecommerce - Sharanya.rajasekarann@gmail.com
2022-05-16 20:31:30,076 [main] INFO ecommerce - Tenderfoot@2020
2022-05-16 20:31:30,270 [main] INFO ecommerce - Walmart Canada>>>>>>
2022-05-16 20:34:12,518 [main] INFO ecommerce - Registration FirstName is: Sharanya
2022-05-16 20:34:12,612 [main] INFO ecommerce - Rajasekaran
2022-05-16 20:34:12,695 [main] INFO ecommerce - 0123456789
2022-05-16 20:34:12,867 [main] INFO ecommerce - Sharanya.rajasekarann@gmail.com
2022-05-16 20:34:12,978 [main] INFO ecommerce - Tenderfoot@2020
2022-05-16 20:34:13,159 [main] INFO ecommerce - Walmart Canada>>>>>>
2022-05-16 20:37:48,727 [main] INFO ecommerce - Registration FirstName is: Sharanya
2022-05-16 20:37:48,827 [main] INFO ecommerce - Rajasekaran
2022-05-16 20:37:48,913 [main] INFO ecommerce - 0123456789
2022-05-16 20:37:49,091 [main] INFO ecommerce - Sharanya.rajasekarann@gmail.com
2022-05-16 20:37:49,203 [main] INFO ecommerce - Tenderfoot@2020
2022-05-16 20:37:49,408 [main] INFO ecommerce - Walmart Canada>>>>>>
2022-05-16 20:59:17,168 [main] INFO ecommerce - Profile Click passed
2022-05-16 21:08:45,887 [main] INFO ecommerce - Recommendation Link Available
2022-05-16 21:14:20,083 [main] INFO ecommerce - Recommendation Link Available
2022-05-16 21:25:38,742 [main] INFO ecommerce - Recommendation Link Available
2022-05-16 21:25:42,391 [main] INFO ecommerce - Recommendation Content Available
2022-05-16 21:28:43,833 [main] INFO ecommerce - Recommendation Link Available
2022-05-16 21:28:46,559 [main] INFO ecommerce - Recommendation Content Available
2022-05-16 22:58:17,755 [main] INFO ecommerce - Recommendation Link Available
2022-05-16 22:58:21,568 [main] INFO ecommerce - Recommendation Content Available
2022-05-16 23:00:23,648 [main] INFO ecommerce - Recommendation Link Available
2022-05-16 23:00:26,482 [main] INFO ecommerce - Recommendation Content Available
2022-05-16 23:10:06,046 [main] INFO ecommerce - Recommendation Link Available
2022-05-16 23:10:09,547 [main] INFO ecommerce - Recommendation Content Available
2022-05-16 23:21:39,076 [main] INFO ecommerce - Recommendation Link Available
2022-05-16 23:21:42,022 [main] INFO ecommerce - Recommendation Content Available
2022-05-16 23:23:29,474 [main] INFO ecommerce - Recommendation Link Available
2022-05-16 23:25:10,601 [main] INFO ecommerce - Recommendation Link Available
2022-05-16 23:25:14,239 [main] INFO ecommerce - Recommendation Content Available
2022-05-16 23:28:18,211 [main] INFO ecommerce - Recommendation Link Available
2022-05-16 23:28:21,171 [main] INFO ecommerce - Recommendation Content Available
2022-05-16 23:30:53,780 [main] INFO ecommerce - Recommendation Link Available
2022-05-16 23:30:56,395 [main] INFO ecommerce - Recommendation Content Available
2022-05-16 23:31:03,880 [main] INFO ecommerce - Order Content Available
2022-05-16 23:32:41,230 [main] INFO ecommerce - Recommendation Link Available
2022-05-16 23:32:45,453 [main] INFO ecommerce - Recommendation Content Available
2022-05-16 23:33:23,144 [main] INFO ecommerce - Recommendation Link Available
2022-05-16 23:34:29,001 [main] INFO ecommerce - Recommendation Link Available
2022-05-16 23:34:32,030 [main] INFO ecommerce - Recommendation Content Available
2022-05-16 23:43:34,237 [main] INFO ecommerce - Recommendation Link Available
2022-05-16 23:45:56,738 [main] INFO ecommerce - Recommendation Link Available
2022-05-16 23:45:59,525 [main] INFO ecommerce - Recommendation Content Available
2022-05-16 23:47:58,239 [main] INFO ecommerce - Recommendation Link Available
2022-05-16 23:48:01,403 [main] INFO ecommerce - Recommendation Content Available
2022-05-16 23:48:08,260 [main] INFO ecommerce - Order Content Available
2022-05-16 23:50:24,438 [main] INFO ecommerce - Recommendation Link Available
2022-05-16 23:52:06,146 [main] INFO ecommerce - Recommendation Link Available
2022-05-16 23:52:09,370 [main] INFO ecommerce - Recommendation Content Available
2022-05-16 23:59:25,296 [main] INFO ecommerce - Recommendation Link Available
2022-05-16 23:59:28,197 [main] INFO ecommerce - Recommendation Content Available
2022-05-17 00:04:10,922 [main] INFO ecommerce - Subscription Content Available
2022-05-17 00:04:25,333 [main] INFO ecommerce - Recommendation Link Available
2022-05-17 00:04:27,966 [main] INFO ecommerce - Recommendation Content Available
2022-05-17 00:04:39,208 [main] INFO ecommerce - Subscription Content Available
2022-05-18 19:17:05,806 [main] INFO ecommerce - MyRegistries Content Available
2022-05-18 19:17:47,382 [main] INFO ecommerce - MyRegistries Content Available
2022-05-18 20:22:58,799 [main] INFO ecommerce - Profile Click passed
2022-05-18 20:23:58,022 [main] INFO ecommerce - Profile Click passed
2022-05-18 20:24:40,522 [main] INFO ecommerce - Recommendation Link Available
2022-05-18 20:24:43,552 [main] INFO ecommerce - Recommendation Content Available
2022-05-18 20:24:55,381 [main] INFO ecommerce - Subscription Content Available
2022-05-18 20:26:51,231 [main] INFO ecommerce - Recommendation Link Available
2022-05-18 20:26:53,956 [main] INFO ecommerce - Recommendation Content Available
2022-05-18 20:27:06,806 [main] INFO ecommerce - Subscription Content Available
2022-05-18 20:29:20,183 [main] INFO ecommerce - Subscription Content Available
2022-05-18 20:33:55,440 [main] INFO ecommerce - Recommendation Link Available
2022-05-18 20:33:58,277 [main] INFO ecommerce - Recommendation Content Available
2022-05-18 20:35:46,281 [main] INFO ecommerce - MyRegistries Content Available
2022-05-19 10:56:25,856 [main] INFO ecommerce - Profile Click passed
2022-05-20 01:23:41,268 [main] INFO ecommerce - Profile Click passed
2022-05-20 01:25:31,617 [main] INFO ecommerce - Profile Click passed
2022-05-20 01:27:15,382 [main] INFO ecommerce - Profile Click passed
2022-05-20 01:27:56,499 [main] INFO ecommerce - Profile Click passed
2022-05-20 01:28:28,759 [main] INFO ecommerce - Profile Click passed
2022-05-20 01:29:43,333 [main] INFO ecommerce - Profile Click passed
2022-05-20 01:30:44,657 [main] INFO ecommerce - Profile Click passed
2022-05-20 01:31:21,017 [main] INFO ecommerce - Profile Click passed
2022-05-20 01:31:30,656 [main] INFO ecommerce - Personal Info Saved Successfully
2022-05-20 01:40:01,680 [main] INFO ecommerce - Profile Click passed
2022-05-20 01:56:56,384 [main] INFO ecommerce - Profile Click passed
2022-05-20 01:56:59,436 [main] INFO ecommerce - Postal Info Saved Successfully
2022-05-20 09:34:14,611 [main] INFO ecommerce - Profile Click passed
2022-05-20 09:34:18,355 [main] INFO ecommerce - Email Info working good
2022-05-20 11:05:31,961 [main] INFO ecommerce - Profile Click passed
2022-05-20 11:05:35,824 [main] INFO ecommerce - Email Info working good
2022-05-20 11:09:01,982 [main] INFO ecommerce - Profile Click passed
2022-05-20 11:09:05,697 [main] INFO ecommerce - Email Info working good
2022-05-20 11:13:19,855 [main] INFO ecommerce - Profile Click passed
2022-05-20 11:13:23,631 [main] INFO ecommerce - Email Info working good
2022-05-20 11:15:22,668 [main] INFO ecommerce - Profile Click passed
2022-05-20 11:15:26,410 [main] INFO ecommerce - Email Info working good
2022-05-20 11:18:23,271 [main] INFO ecommerce - Profile Click passed
2022-05-20 11:18:27,065 [main] INFO ecommerce - Email Info working good
2022-05-20 11:19:47,797 [main] INFO ecommerce - Profile Click passed
2022-05-20 11:19:51,800 [main] INFO ecommerce - Email Info working good
2022-05-20 11:19:54,401 [main] INFO ecommerce - Password Info working good
2022-05-20 11:23:13,414 [main] INFO ecommerce - Profile Click passed
2022-05-20 11:23:17,190 [main] INFO ecommerce - Email Info working good
2022-05-20 11:24:00,441 [main] INFO ecommerce - Profile Click passed
2022-05-20 11:24:04,219 [main] INFO ecommerce - Email Info working good
2022-05-20 11:24:30,113 [main] INFO ecommerce - Profile Click passed
2022-05-20 11:24:33,889 [main] INFO ecommerce - Email Info working good
2022-05-20 11:24:36,624 [main] INFO ecommerce - Password Info working good
2022-05-20 11:38:26,194 [main] INFO ecommerce - Profile Click passed
2022-05-20 11:38:29,989 [main] INFO ecommerce - Email Info working good
2022-05-20 11:39:15,941 [main] INFO ecommerce - Profile Click passed
2022-05-20 11:39:26,006 [main] INFO ecommerce - Profile Click passed
2022-05-20 11:39:57,327 [main] INFO ecommerce - Profile Click passed
2022-05-20 11:55:23,274 [main] INFO ecommerce - Profile Click passed
2022-05-20 11:58:16,133 [main] INFO ecommerce - Profile Click passed
2022-05-20 12:28:59,354 [main] INFO ecommerce - Profile Click passed
2022-05-20 12:39:48,685 [main] INFO ecommerce - Profile Click passed
2022-05-20 12:43:01,821 [main] INFO ecommerce - Profile Click passed
2022-05-20 12:45:51,438 [main] INFO ecommerce - Profile Click passed
2022-05-20 13:00:57,973 [main] INFO ecommerce - Profile Click passed
2022-05-20 13:13:58,105 [main] INFO ecommerce - Profile Click passed
2022-05-20 13:40:22,118 [main] INFO ecommerce - Profile Click passed
2022-05-20 13:40:46,186 [main] INFO ecommerce - Profile Click passed
2022-05-20 13:40:48,587 [main] INFO ecommerce - Password Info working good
2022-05-20 14:14:42,912 [main] INFO ecommerce - Profile Click passed
2022-05-20 14:19:37,195 [main] INFO ecommerce - Profile Click passed
2022-05-20 14:21:08,453 [main] INFO ecommerce - Profile Click passed
2022-05-20 14:24:23,268 [main] INFO ecommerce - Profile Click passed
2022-05-20 14:26:30,563 [main] INFO ecommerce - Profile Click passed
2022-05-20 14:26:58,501 [main] INFO ecommerce - Profile Click passed
2022-05-20 14:31:49,194 [main] INFO ecommerce - Profile Click passed
2022-05-20 14:35:42,891 [main] INFO ecommerce - Profile Click passed
2022-05-20 14:37:07,179 [main] INFO ecommerce - Profile Click passed
2022-05-20 14:37:31,072 [main] INFO ecommerce - Profile Click passed
2022-05-20 14:38:34,107 [main] INFO ecommerce - Profile Click passed
2022-05-20 14:40:17,853 [main] INFO ecommerce - Profile Click passed
2022-05-20 14:40:20,566 [main] INFO ecommerce - Password Info working good
2022-05-20 21:19:01,818 [main] INFO ecommerce - Edit Address passed
2022-05-20 21:56:48,563 [main] INFO ecommerce - Edit Address passed
2022-05-21 00:47:05,856 [main] INFO ecommerce - Add Address passed
2022-05-21 01:29:35,059 [main] INFO ecommerce - Add Card working
2022-05-21 01:57:25,779 [main] INFO ecommerce - Signout Working
2022-05-21 02:18:49,524 [main] INFO ecommerce - Valid Search
2022-05-21 02:19:52,006 [main] INFO ecommerce - Valid Search
2022-05-21 02:20:06,353 [main] INFO ecommerce - Valid Search
2022-05-21 02:23:48,876 [main] INFO ecommerce - Valid Search
2022-05-21 02:26:07,655 [main] INFO ecommerce - Valid Search
2022-05-21 02:43:16,904 [main] INFO ecommerce - Valid Search
2022-05-21 02:46:31,891 [main] INFO ecommerce - Valid Search
2022-05-21 02:49:05,892 [main] INFO ecommerce - Valid Search
2022-05-21 02:50:14,596 [main] INFO ecommerce - Valid Search
2022-05-21 02:51:23,472 [main] INFO ecommerce - Valid Search
2022-05-21 02:55:19,484 [main] INFO ecommerce - Valid Search
2022-05-21 03:04:52,906 [main] INFO ecommerce - Valid Search
2022-05-21 03:06:03,342 [main] INFO ecommerce - Valid Search
2022-05-21 03:08:06,806 [main] INFO ecommerce - Valid Search
2022-05-21 03:09:34,670 [main] INFO ecommerce - Valid Search
2022-05-21 03:22:00,110 [main] INFO ecommerce - Valid Search
2022-05-21 03:23:50,939 [main] INFO ecommerce - Valid Search
2022-05-21 03:25:58,925 [main] INFO ecommerce - Valid Search
2022-05-21 03:27:35,151 [main] INFO ecommerce - Valid Search
2022-05-21 03:29:41,557 [main] INFO ecommerce - Valid Search
2022-05-21 03:31:50,505 [main] INFO ecommerce - Valid Search
2022-05-21 03:40:56,426 [main] INFO ecommerce - Valid Search
2022-05-21 04:08:06,730 [main] INFO ecommerce - Valid Search
2022-05-21 04:08:50,155 [main] INFO ecommerce - Valid Search
2022-05-21 04:09:28,249 [main] INFO ecommerce - Valid Search
2022-05-21 04:42:44,214 [main] INFO ecommerce - Valid Search
2022-05-21 05:14:19,994 [main] INFO ecommerce - Valid Search
2022-05-21 05:16:30,798 [main] INFO ecommerce - Valid Search
2022-05-21 05:20:57,276 [main] INFO ecommerce - Valid Search
2022-05-21 10:46:47,887 [main] INFO ecommerce - Valid Search
2022-05-21 10:50:10,536 [main] INFO ecommerce - Valid Search
2022-05-21 10:54:20,342 [main] INFO ecommerce - Valid Search
2022-05-21 11:14:59,331 [main] INFO ecommerce - Valid Search
2022-05-21 11:29:40,744 [main] INFO ecommerce - Valid Search
2022-05-21 11:31:46,274 [main] INFO ecommerce - Valid Search
2022-05-21 11:36:17,528 [main] INFO ecommerce - Valid Search
2022-05-21 11:46:06,036 [main] INFO ecommerce - Valid Search
2022-05-21 11:51:09,039 [main] INFO ecommerce - Valid Search
2022-05-21 11:54:01,092 [main] INFO ecommerce - Valid Search
2022-05-21 13:37:33,491 [main] INFO ecommerce - Valid Search
2022-05-21 13:38:20,144 [main] INFO ecommerce - Valid Search
2022-05-21 13:39:25,210 [main] INFO ecommerce - Valid Search
2022-05-21 14:05:57,887 [main] INFO ecommerce - Valid Search
2022-05-21 14:05:57,918 [main] INFO ecommerce - 25
2022-05-21 14:07:25,323 [main] INFO ecommerce - Valid Search
2022-05-21 14:07:25,354 [main] INFO ecommerce - 25
2022-05-21 14:28:31,429 [main] INFO ecommerce - Valid Search
2022-05-21 14:28:31,459 [main] INFO ecommerce - 25
2022-05-21 14:31:41,155 [main] INFO ecommerce - Valid Search
2022-05-21 14:31:41,187 [main] INFO ecommerce - 25
2022-05-21 14:52:36,777 [main] INFO ecommerce - Valid Search
2022-05-21 14:52:36,807 [main] INFO ecommerce - 25
2022-05-21 14:54:25,193 [main] INFO ecommerce - Valid Search
2022-05-21 14:54:25,226 [main] INFO ecommerce - 25
2022-05-21 14:57:23,549 [main] INFO ecommerce - Valid Search
2022-05-21 14:57:23,579 [main] INFO ecommerce - 25
2022-05-21 15:01:35,900 [main] INFO ecommerce - Valid Search
2022-05-21 15:01:35,939 [main] INFO ecommerce - 25
2022-05-21 15:01:55,504 [main] INFO ecommerce - Valid Search
2022-05-21 15:01:55,541 [main] INFO ecommerce - 25
2022-05-21 15:06:53,814 [main] INFO ecommerce - Valid Search
2022-05-21 15:08:32,669 [main] INFO ecommerce - Valid Search
2022-05-21 15:10:59,337 [main] INFO ecommerce - Valid Search
2022-05-21 15:12:51,985 [main] INFO ecommerce - Valid Search
2022-05-21 15:14:17,267 [main] INFO ecommerce - Valid Search
2022-05-21 15:15:39,988 [main] INFO ecommerce - Valid Search
2022-05-21 15:19:08,362 [main] INFO ecommerce - Valid Search
2022-05-21 15:20:42,534 [main] INFO ecommerce - Valid Search
2022-05-21 15:29:23,370 [main] INFO ecommerce - Valid Search
2022-05-21 15:33:39,038 [main] INFO ecommerce - Valid Search
2022-05-21 15:34:26,983 [main] INFO ecommerce - Valid Search
2022-05-21 15:36:25,609 [main] INFO ecommerce - Valid Search
2022-05-21 15:38:28,390 [main] INFO ecommerce - Valid Search
2022-05-21 15:40:59,037 [main] INFO ecommerce - Valid Search
2022-05-21 15:42:45,878 [main] INFO ecommerce - Valid Search
2022-05-21 15:52:36,841 [main] INFO ecommerce - Valid Search
2022-05-21 15:53:16,052 [main] INFO ecommerce - Valid Search
2022-05-21 15:55:00,446 [main] INFO ecommerce - Valid Search
2022-05-21 15:58:26,639 [main] INFO ecommerce - Valid Search
2022-05-21 15:59:11,742 [main] INFO ecommerce - Valid Search
2022-05-21 16:03:25,401 [main] INFO ecommerce - Valid Search
2022-05-21 16:05:50,105 [main] INFO ecommerce - Valid Search
2022-05-21 17:17:55,011 [main] INFO ecommerce - Valid Search
2022-05-21 17:17:55,051 [main] INFO ecommerce - 25
2022-05-21 17:18:47,674 [main] INFO ecommerce - Valid Search
2022-05-21 17:18:47,709 [main] INFO ecommerce - 25
2022-05-21 17:18:57,272 [main] INFO ecommerce - Sorting working fine
2022-05-21 17:18:57,283 [main] INFO ecommerce - Sorting working fine
2022-05-21 17:18:57,294 [main] INFO ecommerce - Sorting working fine
2022-05-21 17:18:57,305 [main] INFO ecommerce - Sorting working fine
2022-05-21 17:18:57,316 [main] INFO ecommerce - Sorting working fine
2022-05-21 17:18:57,326 [main] INFO ecommerce - Sorting working fine
2022-05-21 17:18:57,337 [main] INFO ecommerce - Sorting working fine
2022-05-21 17:18:57,348 [main] INFO ecommerce - Sorting working fine
2022-05-21 17:18:57,359 [main] INFO ecommerce - Sorting working fine
2022-05-21 17:18:57,369 [main] INFO ecommerce - Sorting working fine
2022-05-21 17:18:57,380 [main] INFO ecommerce - Sorting working fine
2022-05-21 17:18:57,391 [main] INFO ecommerce - Sorting working fine
2022-05-21 17:18:57,402 [main] INFO ecommerce - Sorting working fine
2022-05-21 17:18:57,414 [main] INFO ecommerce - Sorting working fine
2022-05-21 17:24:47,849 [main] INFO ecommerce - Registration FirstName is: Sharanya
2022-05-21 17:24:48,030 [main] INFO ecommerce - Rajasekaran
2022-05-21 17:24:48,134 [main] INFO ecommerce - 0123456789
2022-05-21 17:24:48,332 [main] INFO ecommerce - Sharanya.rajasekarann@gmail.com
2022-05-21 17:24:48,466 [main] INFO ecommerce - Tenderfoot@2020
2022-05-21 17:29:52,693 [main] INFO ecommerce - Registration FirstName is: Sharanya
2022-05-21 17:29:52,812 [main] INFO ecommerce - Rajasekaran
2022-05-21 17:29:52,910 [main] INFO ecommerce - 0123456789
2022-05-21 17:29:53,101 [main] INFO ecommerce - Sharanya.rajasekarann@gmail.com
2022-05-21 17:29:53,215 [main] INFO ecommerce - Tenderfoot@2020
2022-05-21 17:30:36,103 [main] INFO ecommerce - Registration FirstName is: Sharanya
2022-05-21 17:30:36,294 [main] INFO ecommerce - Rajasekaran
2022-05-21 17:30:36,409 [main] INFO ecommerce - 0123456789
2022-05-21 17:30:36,622 [main] INFO ecommerce - Sharanya.rajasekarann@gmail.com
2022-05-21 17:30:36,756 [main] INFO ecommerce - Tenderfoot@2020
2022-05-21 17:31:25,624 [main] INFO ecommerce - Registration FirstName is: Sharanya
2022-05-21 17:31:25,775 [main] INFO ecommerce - Rajasekaran
2022-05-21 17:31:25,879 [main] INFO ecommerce - 0123456789
2022-05-21 17:31:26,067 [main] INFO ecommerce - Sharanya.rajasekarann@gmail.com
2022-05-21 17:31:26,184 [main] INFO ecommerce - Tenderfoot@2020
2022-05-21 18:10:42,854 [main] INFO ecommerce - Registration FirstName is: Sharanya
2022-05-21 18:10:42,996 [main] INFO ecommerce - Rajasekaran
2022-05-21 18:10:43,092 [main] INFO ecommerce - 0123456789
2022-05-21 18:10:43,281 [main] INFO ecommerce - Sharanya.rajasekarann@gmail.com
2022-05-21 18:10:43,414 [main] INFO ecommerce - Tenderfoot@2020
2022-05-21 18:12:53,338 [main] INFO ecommerce - Login passed
2022-05-21 18:20:12,875 [main] INFO ecommerce - user name provided
2022-05-21 18:20:12,875 [main] INFO ecommerce - user name provided
2022-05-21 18:20:12,993 [main] INFO ecommerce - password provided
2022-05-21 18:20:12,993 [main] INFO ecommerce - password provided
2022-05-21 18:20:17,328 [main] INFO ecommerce - user name provided
2022-05-21 18:20:17,328 [main] INFO ecommerce - user name provided
2022-05-21 18:20:17,425 [main] INFO ecommerce - password provided
2022-05-21 18:20:17,425 [main] INFO ecommerce - password provided
2022-05-21 18:20:21,839 [main] INFO ecommerce - user name provided
2022-05-21 18:20:21,839 [main] INFO ecommerce - user name provided
2022-05-21 18:20:21,930 [main] INFO ecommerce - password provided
2022-05-21 18:20:21,930 [main] INFO ecommerce - password provided
2022-05-21 18:20:25,583 [main] INFO ecommerce - user name provided
2022-05-21 18:20:25,583 [main] INFO ecommerce - user name provided
2022-05-21 18:20:25,678 [main] INFO ecommerce - password provided
2022-05-21 18:20:25,678 [main] INFO ecommerce - password provided
2022-05-21 18:20:29,648 [main] INFO ecommerce - user name provided
2022-05-21 18:20:29,724 [main] INFO ecommerce - password provided
2022-05-21 18:26:43,868 [main] INFO ecommerce - Recommendation Link Available
2022-05-21 18:26:46,800 [main] INFO ecommerce - Recommendation Content Available
2022-05-21 18:32:57,692 [main] INFO ecommerce - Coupon not Valid
2022-05-21 18:34:02,199 [main] INFO ecommerce - Coupon not Valid
2022-05-21 18:46:18,942 [main] INFO ecommerce - Subscription Content Available
2022-05-21 18:53:48,984 [main] INFO ecommerce - MyRegistries Content Available
2022-05-21 19:01:00,593 [main] INFO ecommerce - Profile Click passed
2022-05-21 19:01:04,508 [main] INFO ecommerce - Email Info working good
2022-05-21 19:03:01,091 [main] INFO ecommerce - Profile Click passed
2022-05-21 19:03:04,969 [main] INFO ecommerce - Email Info working good
2022-05-21 19:04:00,476 [main] INFO ecommerce - Profile Click passed
2022-05-21 19:04:04,367 [main] INFO ecommerce - Email Info working good
2022-05-21 19:04:29,555 [main] INFO ecommerce - Language Preference Info works good
2022-05-21 19:04:32,099 [main] INFO ecommerce - Discount Info working good
2022-05-21 22:30:43,955 [main] INFO ecommerce - Edit Address passed
2022-05-21 22:32:02,295 [main] INFO ecommerce - Edit Address passed
2022-05-21 22:44:53,875 [main] INFO ecommerce - Add Address passed
2022-05-21 22:54:10,287 [main] INFO ecommerce - Add Address passed
2022-05-21 23:27:17,421 [main] INFO ecommerce - Edit Address passed
2022-05-21 23:42:08,830 [main] INFO ecommerce - Add Address passed
2022-05-21 23:48:29,932 [main] INFO ecommerce - Edit Address passed
2022-05-21 23:49:02,272 [main] INFO ecommerce - Edit Address passed
2022-05-21 23:49:09,078 [main] INFO ecommerce - Edit Address passed
2022-05-21 23:49:18,954 [main] INFO ecommerce - Add Address passed
2022-05-21 23:51:51,202 [main] INFO ecommerce - Add Card working
2022-05-21 23:56:02,633 [main] INFO ecommerce - Signout Working
2022-05-22 00:02:20,613 [main] INFO ecommerce - Valid Search
2022-05-22 00:02:20,652 [main] INFO ecommerce - 25
2022-05-22 00:02:20,652 [main] INFO ecommerce - Page Count available
2022-05-22 00:32:51,935 [main] INFO ecommerce - Valid Search
2022-05-22 00:32:51,975 [main] INFO ecommerce - 25
2022-05-22 00:32:51,975 [main] INFO ecommerce - Page Count available
2022-05-22 00:33:02,212 [main] INFO ecommerce - Sorting working fine
2022-05-22 00:33:02,224 [main] INFO ecommerce - Sorting working fine
2022-05-22 00:33:02,234 [main] INFO ecommerce - Sorting working fine
2022-05-22 00:33:02,245 [main] INFO ecommerce - Sorting working fine
2022-05-22 00:33:02,256 [main] INFO ecommerce - Sorting working fine
2022-05-22 00:33:02,266 [main] INFO ecommerce - Sorting working fine
2022-05-22 00:33:02,277 [main] INFO ecommerce - Sorting working fine
2022-05-22 00:33:02,287 [main] INFO ecommerce - Sorting working fine
2022-05-22 00:33:02,299 [main] INFO ecommerce - Sorting working fine
2022-05-22 00:33:02,309 [main] INFO ecommerce - Sorting working fine
2022-05-22 00:33:02,319 [main] INFO ecommerce - Sorting working fine
2022-05-22 00:33:02,330 [main] INFO ecommerce - Sorting working fine
2022-05-22 00:33:02,340 [main] INFO ecommerce - Sorting working fine
2022-05-22 00:33:02,351 [main] INFO ecommerce - Sorting working fine
2022-05-22 01:00:40,407 [main] INFO ecommerce - New Item added
2022-05-22 01:24:24,628 [main] INFO ecommerce - New Item added
2022-05-22 10:49:42,309 [main] INFO ecommerce - New Item added
2022-05-22 14:35:04,414 [main] INFO ecommerce - New Item added
2022-05-22 14:35:44,738 [main] INFO ecommerce - New Item added
2022-05-22 14:38:28,053 [main] INFO ecommerce - New Item added
2022-05-22 15:27:07,334 [main] INFO ecommerce - New Item added
2022-05-22 15:37:05,430 [main] INFO ecommerce - Add Quantity Working
2022-05-22 15:38:21,941 [main] INFO ecommerce - Add Same Items Working
2022-05-22 15:47:19,284 [main] INFO ecommerce - Add different Items Working
2022-05-22 16:06:29,553 [main] INFO ecommerce - Remove Items Working
2022-05-22 16:11:34,349 [main] INFO ecommerce - Remove Items Working
2022-05-22 16:12:24,318 [main] INFO ecommerce - Remove Items Working
2022-05-22 16:36:04,820 [main] INFO ecommerce - Remove Items Working
2022-05-22 21:48:00,729 [main] INFO ecommerce - New Item added
2022-05-22 21:48:02,942 [main] INFO ecommerce - Add Quantity Working
2022-05-22 21:48:14,996 [main] INFO ecommerce - Add Same Items Working
2022-05-22 21:51:30,684 [main] INFO ecommerce - New Item added
2022-05-22 21:51:32,897 [main] INFO ecommerce - Add Quantity Working
2022-05-22 21:51:44,933 [main] INFO ecommerce - Add Same Items Working
2022-05-22 21:51:59,305 [main] INFO ecommerce - Remove Items Working
2022-05-22 21:52:11,473 [main] INFO ecommerce - Remove All Items Working
