2022-05-15 08:27:14,188 - ecommerce -INFO - Registration FirstName is: Sharanya
2022-05-15 08:27:14,356 - ecommerce -INFO - Rajasekaran
2022-05-15 08:27:14,454 - ecommerce -INFO - 0123456789
2022-05-15 08:27:14,634 - ecommerce -INFO - Sharanya.rajasekarann@gmail.com
2022-05-15 08:27:14,756 - ecommerce -INFO - Tenderfoot@2020
2022-05-15 08:29:40,691 - ecommerce -INFO - ****************************
2022-05-15 08:29:40,694 - ecommerce -INFO - This is from BaseClass: ApplicationURL: https://www.walmart.ca/sign-in
2022-05-15 08:29:41,514 - ecommerce -INFO - Registration FirstName is: Sharanya
2022-05-15 08:29:41,624 - ecommerce -INFO - Rajasekaran
2022-05-15 08:29:41,771 - ecommerce -INFO - 0123456789
2022-05-15 08:29:41,977 - ecommerce -INFO - Sharanya.rajasekarann@gmail.com
2022-05-15 08:29:42,102 - ecommerce -INFO - Tenderfoot@2020
2022-05-15 08:52:35,951 - ecommerce -INFO - ****************************
2022-05-15 08:52:35,954 - ecommerce -INFO - This is from BaseClass: ApplicationURL: https://www.walmart.ca/sign-in
2022-05-15 08:52:37,097 - ecommerce -INFO - Registration FirstName is: Sharanya
2022-05-15 08:52:37,205 - ecommerce -INFO - Rajasekaran
2022-05-15 08:52:37,312 - ecommerce -INFO - 0123456789
2022-05-15 08:52:37,533 - ecommerce -INFO - Sharanya.rajasekarann@gmail.com
2022-05-15 08:52:37,663 - ecommerce -INFO - Tenderfoot@2020
2022-05-15 08:52:37,872 - ecommerce -INFO - Walmart Canada>>>>>>
2022-05-15 08:56:54,274 - ecommerce -INFO - ****************************
2022-05-15 08:56:54,278 - ecommerce -INFO - This is from BaseClass: ApplicationURL: https://www.walmart.ca/sign-in
2022-05-15 08:56:55,105 - ecommerce -INFO - Registration FirstName is: Sharanya
2022-05-15 08:56:55,218 - ecommerce -INFO - Rajasekaran
2022-05-15 08:56:55,320 - ecommerce -INFO - 0123456789
2022-05-15 08:56:55,522 - ecommerce -INFO - Sharanya.rajasekarann@gmail.com
2022-05-15 08:56:55,680 - ecommerce -INFO - Tenderfoot@2020
2022-05-15 08:56:55,903 - ecommerce -INFO - Walmart Canada>>>>>>
2022-05-15 09:36:36,100 - ecommerce -INFO - ****************************
2022-05-15 09:36:36,103 - ecommerce -INFO - This is from BaseClass: ApplicationURL: https://www.walmart.ca/sign-in
2022-05-15 09:36:37,011 - ecommerce -INFO - Registration FirstName is: Sharanya
2022-05-15 09:36:37,118 - ecommerce -INFO - Rajasekaran
2022-05-15 09:36:37,217 - ecommerce -INFO - 0123456789
2022-05-15 09:36:37,402 - ecommerce -INFO - Sharanya.rajasekarann@gmail.com
2022-05-15 09:36:37,513 - ecommerce -INFO - Tenderfoot@2020
2022-05-15 09:36:37,712 - ecommerce -INFO - Walmart Canada>>>>>>
2022-05-15 09:52:05,047 - ecommerce -INFO - ****************************
2022-05-15 09:52:05,049 - ecommerce -INFO - This is from BaseClass: ApplicationURL: https://www.walmart.ca/sign-in
2022-05-15 09:52:05,836 - ecommerce -INFO - Registration FirstName is: Sharanya
2022-05-15 09:52:05,939 - ecommerce -INFO - Rajasekaran
2022-05-15 09:52:06,040 - ecommerce -INFO - 0123456789
2022-05-15 09:52:06,238 - ecommerce -INFO - Sharanya.rajasekarann@gmail.com
2022-05-15 09:52:06,357 - ecommerce -INFO - Tenderfoot@2020
2022-05-15 09:52:06,559 - ecommerce -INFO - Walmart Canada>>>>>>
2022-05-15 09:54:32,571 - ecommerce -INFO - ****************************
2022-05-15 09:54:32,574 - ecommerce -INFO - This is from BaseClass: ApplicationURL: https://www.walmart.ca/sign-in
2022-05-15 09:54:33,481 - ecommerce -INFO - Registration FirstName is: Sharanya
2022-05-15 09:54:33,582 - ecommerce -INFO - Rajasekaran
2022-05-15 09:54:33,678 - ecommerce -INFO - 0123456789
2022-05-15 09:54:33,870 - ecommerce -INFO - Sharanya.rajasekarann@gmail.com
2022-05-15 09:54:33,982 - ecommerce -INFO - Tenderfoot@2020
2022-05-15 09:54:34,187 - ecommerce -INFO - Walmart Canada>>>>>>
2022-05-15 10:00:28,683 - ecommerce -INFO - ****************************
2022-05-15 10:00:28,686 - ecommerce -INFO - This is from BaseClass: ApplicationURL: https://www.walmart.ca/sign-in
2022-05-15 10:00:29,441 - ecommerce -INFO - Registration FirstName is: Sharanya
2022-05-15 10:00:29,546 - ecommerce -INFO - Rajasekaran
2022-05-15 10:00:29,645 - ecommerce -INFO - 0123456789
2022-05-15 10:00:29,839 - ecommerce -INFO - Sharanya.rajasekarann@gmail.com
2022-05-15 10:00:29,966 - ecommerce -INFO - Tenderfoot@2020
2022-05-15 10:00:30,179 - ecommerce -INFO - Walmart Canada>>>>>>
2022-05-15 10:05:07,088 - ecommerce -INFO - ****************************
2022-05-15 10:05:07,091 - ecommerce -INFO - This is from BaseClass: ApplicationURL: https://www.walmart.ca/sign-in
2022-05-15 10:05:08,051 - ecommerce -INFO - Registration FirstName is: Sharanya
2022-05-15 10:05:08,159 - ecommerce -INFO - Rajasekaran
2022-05-15 10:05:08,261 - ecommerce -INFO - 0123456789
2022-05-15 10:05:08,455 - ecommerce -INFO - Sharanya.rajasekarann@gmail.com
2022-05-15 10:05:08,569 - ecommerce -INFO - Tenderfoot@2020
2022-05-15 10:05:08,767 - ecommerce -INFO - Walmart Canada>>>>>>
2022-05-15 10:44:30,241 - ecommerce -INFO - ****************************
2022-05-15 10:44:30,244 - ecommerce -INFO - This is from BaseClass: ApplicationURL: https://www.walmart.ca/sign-in
2022-05-15 10:44:31,060 - ecommerce -INFO - Registration FirstName is: Sharanya
2022-05-15 10:44:31,170 - ecommerce -INFO - Rajasekaran
2022-05-15 10:44:31,273 - ecommerce -INFO - 0123456789
2022-05-15 10:44:31,466 - ecommerce -INFO - Sharanya.rajasekarann@gmail.com
2022-05-15 10:44:31,581 - ecommerce -INFO - Tenderfoot@2020
2022-05-15 10:44:31,787 - ecommerce -INFO - Walmart Canada>>>>>>
2022-05-15 10:51:51,155 - ecommerce -INFO - ****************************
2022-05-15 10:51:51,158 - ecommerce -INFO - This is from BaseClass: ApplicationURL: https://www.walmart.ca/sign-in
2022-05-15 10:51:51,844 - ecommerce -INFO - Registration FirstName is: Sharanya
2022-05-15 10:51:51,958 - ecommerce -INFO - Rajasekaran
2022-05-15 10:51:52,052 - ecommerce -INFO - 0123456789
2022-05-15 10:51:52,248 - ecommerce -INFO - Sharanya.rajasekarann@gmail.com
2022-05-15 10:51:52,366 - ecommerce -INFO - Tenderfoot@2020
2022-05-15 10:51:52,572 - ecommerce -INFO - Walmart Canada>>>>>>
2022-05-15 11:03:04,465 - ecommerce -INFO - ****************************
2022-05-15 11:03:04,469 - ecommerce -INFO - This is from BaseClass: ApplicationURL: https://www.walmart.ca/sign-in
2022-05-15 11:03:05,341 - ecommerce -INFO - Registration FirstName is: Sharanya
2022-05-15 11:03:05,447 - ecommerce -INFO - Rajasekaran
2022-05-15 11:03:05,546 - ecommerce -INFO - 0123456789
2022-05-15 11:03:05,736 - ecommerce -INFO - Sharanya.rajasekarann@gmail.com
2022-05-15 11:03:05,849 - ecommerce -INFO - Tenderfoot@2020
2022-05-15 11:03:06,069 - ecommerce -INFO - Walmart Canada>>>>>>
2022-05-15 11:08:15,849 - ecommerce -INFO - ****************************
2022-05-15 11:08:15,852 - ecommerce -INFO - This is from BaseClass: ApplicationURL: https://www.walmart.ca/sign-in
2022-05-15 11:08:16,584 - ecommerce -INFO - Registration FirstName is: Sharanya
2022-05-15 11:08:16,703 - ecommerce -INFO - Rajasekaran
2022-05-15 11:08:16,807 - ecommerce -INFO - 0123456789
2022-05-15 11:08:17,018 - ecommerce -INFO - Sharanya.rajasekarann@gmail.com
2022-05-15 11:08:17,151 - ecommerce -INFO - Tenderfoot@2020
2022-05-15 11:08:17,441 - ecommerce -INFO - Walmart Canada>>>>>>
2022-05-15 11:11:20,207 - ecommerce -INFO - ****************************
2022-05-15 11:11:20,210 - ecommerce -INFO - This is from BaseClass: ApplicationURL: https://www.walmart.ca/sign-in
2022-05-15 11:11:21,068 - ecommerce -INFO - Registration FirstName is: Sharanya
2022-05-15 11:11:21,183 - ecommerce -INFO - Rajasekaran
2022-05-15 11:11:21,286 - ecommerce -INFO - 0123456789
2022-05-15 11:11:21,474 - ecommerce -INFO - Sharanya.rajasekarann@gmail.com
2022-05-15 11:11:21,592 - ecommerce -INFO - Tenderfoot@2020
2022-05-15 11:11:21,799 - ecommerce -INFO - Walmart Canada>>>>>>
2022-05-15 11:54:07,501 - ecommerce -INFO - ****************************
2022-05-15 11:54:07,504 - ecommerce -INFO - This is from BaseClass: ApplicationURL: https://www.walmart.ca/sign-in
2022-05-15 11:54:08,352 - ecommerce -INFO - Registration FirstName is: Sharanya
2022-05-15 11:54:08,447 - ecommerce -INFO - Rajasekaran
2022-05-15 11:54:08,534 - ecommerce -INFO - 0123456789
2022-05-15 11:54:08,705 - ecommerce -INFO - Sharanya.rajasekarann@gmail.com
2022-05-15 11:54:08,816 - ecommerce -INFO - Tenderfoot@2020
2022-05-15 11:54:09,006 - ecommerce -INFO - Walmart Canada>>>>>>
2022-05-15 11:56:59,135 - ecommerce -INFO - ****************************
2022-05-15 11:56:59,140 - ecommerce -INFO - This is from BaseClass: ApplicationURL: https://www.walmart.ca/sign-in
2022-05-15 11:57:00,040 - ecommerce -INFO - Registration FirstName is: Sharanya
2022-05-15 11:57:00,150 - ecommerce -INFO - Rajasekaran
2022-05-15 11:57:00,250 - ecommerce -INFO - 0123456789
2022-05-15 11:57:00,444 - ecommerce -INFO - Sharanya.rajasekarann@gmail.com
2022-05-15 11:57:00,563 - ecommerce -INFO - Tenderfoot@2020
2022-05-15 11:57:00,786 - ecommerce -INFO - Walmart Canada>>>>>>
2022-05-15 11:58:53,319 - ecommerce -INFO - ****************************
2022-05-15 11:58:53,324 - ecommerce -INFO - This is from BaseClass: ApplicationURL: https://www.walmart.ca/sign-in
2022-05-15 11:58:54,062 - ecommerce -INFO - Registration FirstName is: Sharanya
2022-05-15 11:58:54,167 - ecommerce -INFO - Rajasekaran
2022-05-15 11:58:54,261 - ecommerce -INFO - 0123456789
2022-05-15 11:58:54,447 - ecommerce -INFO - Sharanya.rajasekarann@gmail.com
2022-05-15 11:58:54,566 - ecommerce -INFO - Tenderfoot@2020
2022-05-15 11:58:54,783 - ecommerce -INFO - Walmart Canada>>>>>>
2022-05-15 12:01:48,717 - ecommerce -INFO - ****************************
2022-05-15 12:01:48,720 - ecommerce -INFO - This is from BaseClass: ApplicationURL: https://www.walmart.ca/sign-in
2022-05-15 12:01:49,438 - ecommerce -INFO - Registration FirstName is: Sharanya
2022-05-15 12:01:49,544 - ecommerce -INFO - Rajasekaran
2022-05-15 12:01:49,679 - ecommerce -INFO - 0123456789
2022-05-15 12:01:49,864 - ecommerce -INFO - Sharanya.rajasekarann@gmail.com
2022-05-15 12:01:49,992 - ecommerce -INFO - Tenderfoot@2020
2022-05-15 12:01:50,204 - ecommerce -INFO - Walmart Canada>>>>>>
2022-05-15 12:05:18,044 - ecommerce -INFO - ****************************
2022-05-15 12:05:18,047 - ecommerce -INFO - This is from BaseClass: ApplicationURL: https://www.walmart.ca/sign-in
2022-05-15 12:05:18,984 - ecommerce -INFO - Registration FirstName is: Sharanya
2022-05-15 12:05:19,098 - ecommerce -INFO - Rajasekaran
2022-05-15 12:05:19,196 - ecommerce -INFO - 0123456789
2022-05-15 12:05:19,401 - ecommerce -INFO - Sharanya.rajasekarann@gmail.com
2022-05-15 12:05:19,544 - ecommerce -INFO - Tenderfoot@2020
2022-05-15 12:05:19,740 - ecommerce -INFO - Walmart Canada>>>>>>
2022-05-15 12:07:21,507 - ecommerce -INFO - ****************************
2022-05-15 12:07:21,509 - ecommerce -INFO - This is from BaseClass: ApplicationURL: https://www.walmart.ca/sign-in
2022-05-15 12:07:22,400 - ecommerce -INFO - Registration FirstName is: Sharanya
2022-05-15 12:07:22,509 - ecommerce -INFO - Rajasekaran
2022-05-15 12:07:22,607 - ecommerce -INFO - 0123456789
2022-05-15 12:07:22,795 - ecommerce -INFO - Sharanya.rajasekarann@gmail.com
2022-05-15 12:07:22,908 - ecommerce -INFO - Tenderfoot@2020
2022-05-15 12:07:23,136 - ecommerce -INFO - Walmart Canada>>>>>>
2022-05-15 13:04:46,689 - ecommerce -INFO - ****************************
2022-05-15 13:04:46,692 - ecommerce -INFO - This is from BaseClass: ApplicationURL: https://www.walmart.ca/sign-in
2022-05-15 13:04:47,420 - ecommerce -INFO - Registration FirstName is: Sharanya
2022-05-15 13:04:47,538 - ecommerce -INFO - Rajasekaran
2022-05-15 13:04:47,637 - ecommerce -INFO - 0123456789
2022-05-15 13:04:47,826 - ecommerce -INFO - Sharanya.rajasekarann@gmail.com
2022-05-15 13:04:47,949 - ecommerce -INFO - Tenderfoot@2020
2022-05-15 13:04:48,188 - ecommerce -INFO - Walmart Canada>>>>>>
2022-05-15 13:29:10,320 - ecommerce -INFO - ****************************
2022-05-15 13:29:10,323 - ecommerce -INFO - This is from BaseClass: ApplicationURL: https://www.walmart.ca/sign-in
2022-05-15 13:29:11,079 - ecommerce -INFO - user name provided
2022-05-15 13:29:11,153 - ecommerce -INFO - password provided
2022-05-15 13:29:14,435 - ecommerce -INFO - user name provided
2022-05-15 13:29:14,529 - ecommerce -INFO - password provided
2022-05-15 13:29:17,913 - ecommerce -INFO - user name provided
2022-05-15 13:29:18,021 - ecommerce -INFO - password provided
2022-05-15 13:29:21,411 - ecommerce -INFO - user name provided
2022-05-15 13:29:21,512 - ecommerce -INFO - password provided
2022-05-15 13:29:24,915 - ecommerce -INFO - user name provided
2022-05-15 13:29:25,004 - ecommerce -INFO - password provided
2022-05-15 21:09:25,762 - ecommerce -INFO - ****************************
2022-05-15 21:09:25,766 - ecommerce -INFO - This is from BaseClass: ApplicationURL: https://www.walmart.ca/sign-in
2022-05-15 21:09:26,717 - ecommerce -INFO - Registration FirstName is: Sharanya
2022-05-15 21:09:26,834 - ecommerce -INFO - Rajasekaran
2022-05-15 21:09:26,947 - ecommerce -INFO - 0123456789
2022-05-15 21:09:27,150 - ecommerce -INFO - Sharanya.rajasekarann@gmail.com
2022-05-15 21:09:27,279 - ecommerce -INFO - Tenderfoot@2020
2022-05-15 21:09:27,522 - ecommerce -INFO - Walmart Canada>>>>>>
2022-05-15 21:11:18,871 - ecommerce -INFO - ****************************
2022-05-15 21:11:18,879 - ecommerce -INFO - This is from BaseClass: ApplicationURL: https://www.walmart.ca/sign-in
2022-05-15 21:19:14,752 - ecommerce -INFO - ****************************
2022-05-15 21:19:14,755 - ecommerce -INFO - This is from BaseClass: ApplicationURL: https://www.walmart.ca/sign-in
2022-05-15 21:19:15,574 - ecommerce -INFO - user name provided
2022-05-15 21:19:15,653 - ecommerce -INFO - password provided
2022-05-15 21:19:19,019 - ecommerce -INFO - user name provided
2022-05-15 21:19:19,074 - ecommerce -INFO - password provided
2022-05-15 21:19:22,398 - ecommerce -INFO - user name provided
2022-05-15 21:19:22,454 - ecommerce -INFO - password provided
2022-05-15 21:19:25,765 - ecommerce -INFO - user name provided
2022-05-15 21:19:25,820 - ecommerce -INFO - password provided
2022-05-15 21:19:29,148 - ecommerce -INFO - user name provided
2022-05-15 21:19:29,189 - ecommerce -INFO - password provided
2022-05-15 21:51:47,104 - ecommerce -INFO - Profile Click passed
2022-05-15 22:23:15,028 - ecommerce -INFO - recom Click passed
2022-05-15 22:29:39,470 - ecommerce -INFO - Profile Click passed
2022-05-15 22:37:47,698 - ecommerce -INFO - Profile Click passed
2022-05-15 22:42:06,943 - ecommerce -INFO - Profile Click passed
2022-05-15 22:48:55,978 - ecommerce -INFO - Profile Click passed
2022-05-15 23:09:27,001 - ecommerce -INFO - Profile Click passed
2022-05-15 23:18:07,033 - ecommerce -INFO - Profile Click passed
2022-05-15 23:21:45,074 - ecommerce -INFO - Profile Click passed
2022-05-15 23:24:55,428 - ecommerce -INFO - Profile Click passed
2022-05-15 23:27:10,296 - ecommerce -INFO - Profile Click passed
2022-05-15 23:29:01,068 - ecommerce -INFO - Profile Click passed
2022-05-15 23:29:01,073 - ecommerce -INFO - recom Click passed
2022-05-15 23:30:30,799 - ecommerce -INFO - Profile Click passed
2022-05-15 23:31:40,593 - ecommerce -INFO - Profile Click passed
2022-05-15 23:34:35,089 - ecommerce -INFO - Profile Click passed
2022-05-15 23:39:51,064 - ecommerce -INFO - Profile Click passed
2022-05-15 23:44:09,764 - ecommerce -INFO - Profile Click passed
2022-05-15 23:44:09,803 - ecommerce -INFO - Recommendation Link Available
2022-05-15 23:45:34,100 - ecommerce -INFO - Profile Click passed
2022-05-15 23:45:34,142 - ecommerce -INFO - Recommendation Link Available
2022-05-15 23:51:32,457 - ecommerce -INFO - Recommendation Link Available
2022-05-15 23:51:35,445 - ecommerce -INFO - Profile Click passed
2022-05-15 23:51:35,486 - ecommerce -INFO - Recommendation Link Available
2022-05-15 23:57:47,875 - ecommerce -INFO - Profile Click passed
2022-05-15 23:57:47,875 - ecommerce -INFO - Profile Click passed
2022-05-15 23:57:47,875 - ecommerce -INFO - Profile Click passed
2022-05-15 23:57:47,932 - ecommerce -INFO - Recommendation Link Available
2022-05-15 23:57:47,932 - ecommerce -INFO - Recommendation Link Available
2022-05-15 23:57:47,932 - ecommerce -INFO - Recommendation Link Available
2022-05-16 00:07:56,521 - ecommerce -INFO - Recommendation Link Available
2022-05-16 00:11:30,906 - ecommerce -INFO - Recommendation Link Available
2022-05-16 00:11:56,920 - ecommerce -INFO - Recommendation Link Available
2022-05-16 00:20:27,006 - ecommerce -INFO - Recommendation Link Available
2022-05-16 00:23:26,340 - ecommerce -INFO - Recommendation Link Available
2022-05-16 20:07:24,232 - ecommerce -INFO - Login passed
2022-05-16 20:11:27,416 - ecommerce -INFO - Login passed
2022-05-16 20:12:42,197 - ecommerce -INFO - Registration FirstName is: Sharanya
2022-05-16 20:12:42,307 - ecommerce -INFO - Rajasekaran
2022-05-16 20:12:42,419 - ecommerce -INFO - 0123456789
2022-05-16 20:12:42,614 - ecommerce -INFO - Sharanya.rajasekarann@gmail.com
2022-05-16 20:12:42,742 - ecommerce -INFO - Tenderfoot@2020
2022-05-16 20:12:42,977 - ecommerce -INFO - Walmart Canada>>>>>>
2022-05-16 20:18:46,501 - ecommerce -INFO - Registration FirstName is: Sharanya
2022-05-16 20:18:46,605 - ecommerce -INFO - Rajasekaran
2022-05-16 20:18:46,698 - ecommerce -INFO - 0123456789
2022-05-16 20:18:46,878 - ecommerce -INFO - Sharanya.rajasekarann@gmail.com
2022-05-16 20:18:46,997 - ecommerce -INFO - Tenderfoot@2020
2022-05-16 20:18:47,223 - ecommerce -INFO - Walmart Canada>>>>>>
2022-05-16 20:20:37,836 - ecommerce -INFO - Registration FirstName is: Sharanya
2022-05-16 20:20:37,942 - ecommerce -INFO - Rajasekaran
2022-05-16 20:20:38,040 - ecommerce -INFO - 0123456789
2022-05-16 20:20:38,221 - ecommerce -INFO - Sharanya.rajasekarann@gmail.com
2022-05-16 20:20:38,334 - ecommerce -INFO - Tenderfoot@2020
2022-05-16 20:20:38,548 - ecommerce -INFO - Walmart Canada>>>>>>
2022-05-16 20:24:39,308 - ecommerce -INFO - Registration FirstName is: Sharanya
2022-05-16 20:24:39,413 - ecommerce -INFO - Rajasekaran
2022-05-16 20:24:39,518 - ecommerce -INFO - 0123456789
2022-05-16 20:24:39,697 - ecommerce -INFO - Sharanya.rajasekarann@gmail.com
2022-05-16 20:24:39,814 - ecommerce -INFO - Tenderfoot@2020
2022-05-16 20:24:40,032 - ecommerce -INFO - Walmart Canada>>>>>>
2022-05-16 20:24:40,461 - ecommerce -INFO - Registration test failed
2022-05-16 20:26:19,905 - ecommerce -INFO - Registration FirstName is: Sharanya
2022-05-16 20:26:20,020 - ecommerce -INFO - Rajasekaran
2022-05-16 20:26:20,124 - ecommerce -INFO - 0123456789
2022-05-16 20:26:20,308 - ecommerce -INFO - Sharanya.rajasekarann@gmail.com
2022-05-16 20:26:20,428 - ecommerce -INFO - Tenderfoot@2020
2022-05-16 20:26:20,635 - ecommerce -INFO - Walmart Canada>>>>>>
2022-05-16 20:26:21,069 - ecommerce -INFO - Registration test failed
2022-05-16 20:26:57,869 - ecommerce -INFO - Registration FirstName is: Sharanya
2022-05-16 20:26:57,981 - ecommerce -INFO - Rajasekaran
2022-05-16 20:26:58,077 - ecommerce -INFO - 0123456789
2022-05-16 20:26:58,274 - ecommerce -INFO - Sharanya.rajasekarann@gmail.com
2022-05-16 20:26:58,395 - ecommerce -INFO - Tenderfoot@2020
2022-05-16 20:26:58,602 - ecommerce -INFO - Walmart Canada>>>>>>
2022-05-16 20:26:59,059 - ecommerce -INFO - Registration test failed
2022-05-16 20:27:28,871 - ecommerce -INFO - Registration FirstName is: Sharanya
2022-05-16 20:27:28,987 - ecommerce -INFO - Rajasekaran
2022-05-16 20:27:29,080 - ecommerce -INFO - 0123456789
2022-05-16 20:27:29,250 - ecommerce -INFO - Sharanya.rajasekarann@gmail.com
2022-05-16 20:27:29,370 - ecommerce -INFO - Tenderfoot@2020
2022-05-16 20:27:29,565 - ecommerce -INFO - Walmart Canada>>>>>>
2022-05-16 20:27:29,991 - ecommerce -INFO - Registration test failed
2022-05-16 20:31:29,600 - ecommerce -INFO - Registration FirstName is: Sharanya
2022-05-16 20:31:29,699 - ecommerce -INFO - Rajasekaran
2022-05-16 20:31:29,790 - ecommerce -INFO - 0123456789
2022-05-16 20:31:29,962 - ecommerce -INFO - Sharanya.rajasekarann@gmail.com
2022-05-16 20:31:30,076 - ecommerce -INFO - Tenderfoot@2020
2022-05-16 20:31:30,270 - ecommerce -INFO - Walmart Canada>>>>>>
2022-05-16 20:34:12,518 - ecommerce -INFO - Registration FirstName is: Sharanya
2022-05-16 20:34:12,612 - ecommerce -INFO - Rajasekaran
2022-05-16 20:34:12,695 - ecommerce -INFO - 0123456789
2022-05-16 20:34:12,867 - ecommerce -INFO - Sharanya.rajasekarann@gmail.com
2022-05-16 20:34:12,978 - ecommerce -INFO - Tenderfoot@2020
2022-05-16 20:34:13,159 - ecommerce -INFO - Walmart Canada>>>>>>
2022-05-16 20:37:48,727 - ecommerce -INFO - Registration FirstName is: Sharanya
2022-05-16 20:37:48,827 - ecommerce -INFO - Rajasekaran
2022-05-16 20:37:48,913 - ecommerce -INFO - 0123456789
2022-05-16 20:37:49,091 - ecommerce -INFO - Sharanya.rajasekarann@gmail.com
2022-05-16 20:37:49,203 - ecommerce -INFO - Tenderfoot@2020
2022-05-16 20:37:49,408 - ecommerce -INFO - Walmart Canada>>>>>>
2022-05-16 20:59:17,168 - ecommerce -INFO - Profile Click passed
2022-05-16 21:08:45,887 - ecommerce -INFO - Recommendation Link Available
2022-05-16 21:14:20,083 - ecommerce -INFO - Recommendation Link Available
2022-05-16 21:25:38,742 - ecommerce -INFO - Recommendation Link Available
2022-05-16 21:25:42,391 - ecommerce -INFO - Recommendation Content Available
2022-05-16 21:28:43,833 - ecommerce -INFO - Recommendation Link Available
2022-05-16 21:28:46,559 - ecommerce -INFO - Recommendation Content Available
2022-05-16 22:58:17,755 - ecommerce -INFO - Recommendation Link Available
2022-05-16 22:58:21,568 - ecommerce -INFO - Recommendation Content Available
2022-05-16 23:00:23,648 - ecommerce -INFO - Recommendation Link Available
2022-05-16 23:00:26,482 - ecommerce -INFO - Recommendation Content Available
2022-05-16 23:10:06,046 - ecommerce -INFO - Recommendation Link Available
2022-05-16 23:10:09,547 - ecommerce -INFO - Recommendation Content Available
2022-05-16 23:21:39,076 - ecommerce -INFO - Recommendation Link Available
2022-05-16 23:21:42,022 - ecommerce -INFO - Recommendation Content Available
2022-05-16 23:23:29,474 - ecommerce -INFO - Recommendation Link Available
2022-05-16 23:25:10,601 - ecommerce -INFO - Recommendation Link Available
2022-05-16 23:25:14,239 - ecommerce -INFO - Recommendation Content Available
2022-05-16 23:28:18,211 - ecommerce -INFO - Recommendation Link Available
2022-05-16 23:28:21,171 - ecommerce -INFO - Recommendation Content Available
2022-05-16 23:30:53,780 - ecommerce -INFO - Recommendation Link Available
2022-05-16 23:30:56,395 - ecommerce -INFO - Recommendation Content Available
2022-05-16 23:31:03,880 - ecommerce -INFO - Order Content Available
2022-05-16 23:32:41,230 - ecommerce -INFO - Recommendation Link Available
2022-05-16 23:32:45,453 - ecommerce -INFO - Recommendation Content Available
2022-05-16 23:33:23,144 - ecommerce -INFO - Recommendation Link Available
2022-05-16 23:34:29,001 - ecommerce -INFO - Recommendation Link Available
2022-05-16 23:34:32,030 - ecommerce -INFO - Recommendation Content Available
2022-05-16 23:43:34,237 - ecommerce -INFO - Recommendation Link Available
2022-05-16 23:45:56,738 - ecommerce -INFO - Recommendation Link Available
2022-05-16 23:45:59,525 - ecommerce -INFO - Recommendation Content Available
2022-05-16 23:47:58,239 - ecommerce -INFO - Recommendation Link Available
2022-05-16 23:48:01,403 - ecommerce -INFO - Recommendation Content Available
2022-05-16 23:48:08,260 - ecommerce -INFO - Order Content Available
2022-05-16 23:50:24,438 - ecommerce -INFO - Recommendation Link Available
2022-05-16 23:52:06,146 - ecommerce -INFO - Recommendation Link Available
2022-05-16 23:52:09,370 - ecommerce -INFO - Recommendation Content Available
2022-05-16 23:59:25,296 - ecommerce -INFO - Recommendation Link Available
2022-05-16 23:59:28,197 - ecommerce -INFO - Recommendation Content Available
2022-05-17 00:04:10,922 - ecommerce -INFO - Subscription Content Available
2022-05-17 00:04:25,333 - ecommerce -INFO - Recommendation Link Available
2022-05-17 00:04:27,966 - ecommerce -INFO - Recommendation Content Available
2022-05-17 00:04:39,208 - ecommerce -INFO - Subscription Content Available
2022-05-18 19:17:05,806 - ecommerce -INFO - MyRegistries Content Available
2022-05-18 19:17:47,382 - ecommerce -INFO - MyRegistries Content Available
2022-05-18 20:22:58,799 - ecommerce -INFO - Profile Click passed
2022-05-18 20:23:58,022 - ecommerce -INFO - Profile Click passed
2022-05-18 20:24:40,522 - ecommerce -INFO - Recommendation Link Available
2022-05-18 20:24:43,552 - ecommerce -INFO - Recommendation Content Available
2022-05-18 20:24:55,381 - ecommerce -INFO - Subscription Content Available
2022-05-18 20:26:51,231 - ecommerce -INFO - Recommendation Link Available
2022-05-18 20:26:53,956 - ecommerce -INFO - Recommendation Content Available
2022-05-18 20:27:06,806 - ecommerce -INFO - Subscription Content Available
2022-05-18 20:29:20,183 - ecommerce -INFO - Subscription Content Available
2022-05-18 20:33:55,440 - ecommerce -INFO - Recommendation Link Available
2022-05-18 20:33:58,277 - ecommerce -INFO - Recommendation Content Available
2022-05-18 20:35:46,281 - ecommerce -INFO - MyRegistries Content Available
2022-05-19 10:56:25,856 - ecommerce -INFO - Profile Click passed
2022-05-20 01:23:41,268 - ecommerce -INFO - Profile Click passed
2022-05-20 01:25:31,617 - ecommerce -INFO - Profile Click passed
2022-05-20 01:27:15,382 - ecommerce -INFO - Profile Click passed
2022-05-20 01:27:56,499 - ecommerce -INFO - Profile Click passed
2022-05-20 01:28:28,759 - ecommerce -INFO - Profile Click passed
2022-05-20 01:29:43,333 - ecommerce -INFO - Profile Click passed
2022-05-20 01:30:44,657 - ecommerce -INFO - Profile Click passed
2022-05-20 01:31:21,017 - ecommerce -INFO - Profile Click passed
2022-05-20 01:31:30,656 - ecommerce -INFO - Personal Info Saved Successfully
2022-05-20 01:40:01,680 - ecommerce -INFO - Profile Click passed
2022-05-20 01:56:56,384 - ecommerce -INFO - Profile Click passed
2022-05-20 01:56:59,436 - ecommerce -INFO - Postal Info Saved Successfully
2022-05-20 09:34:14,611 - ecommerce -INFO - Profile Click passed
2022-05-20 09:34:18,355 - ecommerce -INFO - Email Info working good
2022-05-20 11:05:31,961 - ecommerce -INFO - Profile Click passed
2022-05-20 11:05:35,824 - ecommerce -INFO - Email Info working good
2022-05-20 11:09:01,982 - ecommerce -INFO - Profile Click passed
2022-05-20 11:09:05,697 - ecommerce -INFO - Email Info working good
2022-05-20 11:13:19,855 - ecommerce -INFO - Profile Click passed
2022-05-20 11:13:23,631 - ecommerce -INFO - Email Info working good
2022-05-20 11:15:22,668 - ecommerce -INFO - Profile Click passed
2022-05-20 11:15:26,410 - ecommerce -INFO - Email Info working good
2022-05-20 11:18:23,271 - ecommerce -INFO - Profile Click passed
2022-05-20 11:18:27,065 - ecommerce -INFO - Email Info working good
2022-05-20 11:19:47,797 - ecommerce -INFO - Profile Click passed
2022-05-20 11:19:51,800 - ecommerce -INFO - Email Info working good
2022-05-20 11:19:54,401 - ecommerce -INFO - Password Info working good
2022-05-20 11:23:13,414 - ecommerce -INFO - Profile Click passed
2022-05-20 11:23:17,190 - ecommerce -INFO - Email Info working good
2022-05-20 11:24:00,441 - ecommerce -INFO - Profile Click passed
2022-05-20 11:24:04,219 - ecommerce -INFO - Email Info working good
2022-05-20 11:24:30,113 - ecommerce -INFO - Profile Click passed
2022-05-20 11:24:33,889 - ecommerce -INFO - Email Info working good
2022-05-20 11:24:36,624 - ecommerce -INFO - Password Info working good
2022-05-20 11:38:26,194 - ecommerce -INFO - Profile Click passed
2022-05-20 11:38:29,989 - ecommerce -INFO - Email Info working good
2022-05-20 11:39:15,941 - ecommerce -INFO - Profile Click passed
2022-05-20 11:39:26,006 - ecommerce -INFO - Profile Click passed
2022-05-20 11:39:57,327 - ecommerce -INFO - Profile Click passed
2022-05-20 11:55:23,274 - ecommerce -INFO - Profile Click passed
2022-05-20 11:58:16,133 - ecommerce -INFO - Profile Click passed
2022-05-20 12:28:59,354 - ecommerce -INFO - Profile Click passed
2022-05-20 12:39:48,685 - ecommerce -INFO - Profile Click passed
2022-05-20 12:43:01,821 - ecommerce -INFO - Profile Click passed
2022-05-20 12:45:51,438 - ecommerce -INFO - Profile Click passed
2022-05-20 13:00:57,973 - ecommerce -INFO - Profile Click passed
2022-05-20 13:13:58,105 - ecommerce -INFO - Profile Click passed
2022-05-20 13:40:22,118 - ecommerce -INFO - Profile Click passed
2022-05-20 13:40:46,186 - ecommerce -INFO - Profile Click passed
2022-05-20 13:40:48,587 - ecommerce -INFO - Password Info working good
2022-05-20 14:14:42,912 - ecommerce -INFO - Profile Click passed
2022-05-20 14:19:37,195 - ecommerce -INFO - Profile Click passed
2022-05-20 14:21:08,453 - ecommerce -INFO - Profile Click passed
2022-05-20 14:24:23,268 - ecommerce -INFO - Profile Click passed
2022-05-20 14:26:30,563 - ecommerce -INFO - Profile Click passed
2022-05-20 14:26:58,501 - ecommerce -INFO - Profile Click passed
2022-05-20 14:31:49,194 - ecommerce -INFO - Profile Click passed
2022-05-20 14:35:42,891 - ecommerce -INFO - Profile Click passed
2022-05-20 14:37:07,179 - ecommerce -INFO - Profile Click passed
2022-05-20 14:37:31,072 - ecommerce -INFO - Profile Click passed
2022-05-20 14:38:34,107 - ecommerce -INFO - Profile Click passed
2022-05-20 14:40:17,853 - ecommerce -INFO - Profile Click passed
2022-05-20 14:40:20,566 - ecommerce -INFO - Password Info working good
2022-05-20 21:19:01,818 - ecommerce -INFO - Edit Address passed
2022-05-20 21:56:48,563 - ecommerce -INFO - Edit Address passed
2022-05-21 00:47:05,856 - ecommerce -INFO - Add Address passed
2022-05-21 01:29:35,059 - ecommerce -INFO - Add Card working
2022-05-21 01:57:25,779 - ecommerce -INFO - Signout Working
2022-05-21 02:18:49,524 - ecommerce -INFO - Valid Search
2022-05-21 02:19:52,006 - ecommerce -INFO - Valid Search
2022-05-21 02:20:06,353 - ecommerce -INFO - Valid Search
2022-05-21 02:23:48,876 - ecommerce -INFO - Valid Search
2022-05-21 02:26:07,655 - ecommerce -INFO - Valid Search
2022-05-21 02:43:16,904 - ecommerce -INFO - Valid Search
2022-05-21 02:46:31,891 - ecommerce -INFO - Valid Search
2022-05-21 02:49:05,892 - ecommerce -INFO - Valid Search
2022-05-21 02:50:14,596 - ecommerce -INFO - Valid Search
2022-05-21 02:51:23,472 - ecommerce -INFO - Valid Search
2022-05-21 02:55:19,484 - ecommerce -INFO - Valid Search
2022-05-21 03:04:52,906 - ecommerce -INFO - Valid Search
2022-05-21 03:06:03,342 - ecommerce -INFO - Valid Search
2022-05-21 03:08:06,806 - ecommerce -INFO - Valid Search
2022-05-21 03:09:34,670 - ecommerce -INFO - Valid Search
2022-05-21 03:22:00,110 - ecommerce -INFO - Valid Search
2022-05-21 03:23:50,939 - ecommerce -INFO - Valid Search
2022-05-21 03:25:58,925 - ecommerce -INFO - Valid Search
2022-05-21 03:27:35,151 - ecommerce -INFO - Valid Search
2022-05-21 03:29:41,557 - ecommerce -INFO - Valid Search
2022-05-21 03:31:50,505 - ecommerce -INFO - Valid Search
2022-05-21 03:40:56,426 - ecommerce -INFO - Valid Search
2022-05-21 04:08:06,730 - ecommerce -INFO - Valid Search
2022-05-21 04:08:50,155 - ecommerce -INFO - Valid Search
2022-05-21 04:09:28,249 - ecommerce -INFO - Valid Search
2022-05-21 04:42:44,214 - ecommerce -INFO - Valid Search
2022-05-21 05:14:19,994 - ecommerce -INFO - Valid Search
2022-05-21 05:16:30,798 - ecommerce -INFO - Valid Search
2022-05-21 05:20:57,276 - ecommerce -INFO - Valid Search
2022-05-21 10:46:47,887 - ecommerce -INFO - Valid Search
2022-05-21 10:50:10,536 - ecommerce -INFO - Valid Search
2022-05-21 10:54:20,342 - ecommerce -INFO - Valid Search
2022-05-21 11:14:59,331 - ecommerce -INFO - Valid Search
2022-05-21 11:29:40,744 - ecommerce -INFO - Valid Search
2022-05-21 11:31:46,274 - ecommerce -INFO - Valid Search
2022-05-21 11:36:17,528 - ecommerce -INFO - Valid Search
2022-05-21 11:46:06,036 - ecommerce -INFO - Valid Search
2022-05-21 11:51:09,039 - ecommerce -INFO - Valid Search
2022-05-21 11:54:01,092 - ecommerce -INFO - Valid Search
2022-05-21 13:37:33,491 - ecommerce -INFO - Valid Search
2022-05-21 13:38:20,144 - ecommerce -INFO - Valid Search
2022-05-21 13:39:25,210 - ecommerce -INFO - Valid Search
2022-05-21 14:05:57,887 - ecommerce -INFO - Valid Search
2022-05-21 14:05:57,918 - ecommerce -INFO - 25
2022-05-21 14:07:25,323 - ecommerce -INFO - Valid Search
2022-05-21 14:07:25,354 - ecommerce -INFO - 25
2022-05-21 14:28:31,429 - ecommerce -INFO - Valid Search
2022-05-21 14:28:31,459 - ecommerce -INFO - 25
2022-05-21 14:31:41,155 - ecommerce -INFO - Valid Search
2022-05-21 14:31:41,187 - ecommerce -INFO - 25
2022-05-21 14:52:36,777 - ecommerce -INFO - Valid Search
2022-05-21 14:52:36,807 - ecommerce -INFO - 25
2022-05-21 14:54:25,193 - ecommerce -INFO - Valid Search
2022-05-21 14:54:25,226 - ecommerce -INFO - 25
2022-05-21 14:57:23,549 - ecommerce -INFO - Valid Search
2022-05-21 14:57:23,579 - ecommerce -INFO - 25
2022-05-21 15:01:35,900 - ecommerce -INFO - Valid Search
2022-05-21 15:01:35,939 - ecommerce -INFO - 25
2022-05-21 15:01:55,504 - ecommerce -INFO - Valid Search
2022-05-21 15:01:55,541 - ecommerce -INFO - 25
2022-05-21 15:06:53,814 - ecommerce -INFO - Valid Search
2022-05-21 15:08:32,669 - ecommerce -INFO - Valid Search
2022-05-21 15:10:59,337 - ecommerce -INFO - Valid Search
2022-05-21 15:12:51,985 - ecommerce -INFO - Valid Search
2022-05-21 15:14:17,267 - ecommerce -INFO - Valid Search
2022-05-21 15:15:39,988 - ecommerce -INFO - Valid Search
2022-05-21 15:19:08,362 - ecommerce -INFO - Valid Search
2022-05-21 15:20:42,534 - ecommerce -INFO - Valid Search
2022-05-21 15:29:23,370 - ecommerce -INFO - Valid Search
2022-05-21 15:33:39,038 - ecommerce -INFO - Valid Search
2022-05-21 15:34:26,983 - ecommerce -INFO - Valid Search
2022-05-21 15:36:25,609 - ecommerce -INFO - Valid Search
2022-05-21 15:38:28,390 - ecommerce -INFO - Valid Search
2022-05-21 15:40:59,037 - ecommerce -INFO - Valid Search
2022-05-21 15:42:45,878 - ecommerce -INFO - Valid Search
2022-05-21 15:52:36,841 - ecommerce -INFO - Valid Search
2022-05-21 15:53:16,052 - ecommerce -INFO - Valid Search
2022-05-21 15:55:00,446 - ecommerce -INFO - Valid Search
2022-05-21 15:58:26,639 - ecommerce -INFO - Valid Search
2022-05-21 15:59:11,742 - ecommerce -INFO - Valid Search
2022-05-21 16:03:25,401 - ecommerce -INFO - Valid Search
2022-05-21 16:05:50,105 - ecommerce -INFO - Valid Search
2022-05-21 17:17:55,011 - ecommerce -INFO - Valid Search
2022-05-21 17:17:55,051 - ecommerce -INFO - 25
2022-05-21 17:18:47,674 - ecommerce -INFO - Valid Search
2022-05-21 17:18:47,709 - ecommerce -INFO - 25
2022-05-21 17:18:57,272 - ecommerce -INFO - Sorting working fine
2022-05-21 17:18:57,283 - ecommerce -INFO - Sorting working fine
2022-05-21 17:18:57,294 - ecommerce -INFO - Sorting working fine
2022-05-21 17:18:57,305 - ecommerce -INFO - Sorting working fine
2022-05-21 17:18:57,316 - ecommerce -INFO - Sorting working fine
2022-05-21 17:18:57,326 - ecommerce -INFO - Sorting working fine
2022-05-21 17:18:57,337 - ecommerce -INFO - Sorting working fine
2022-05-21 17:18:57,348 - ecommerce -INFO - Sorting working fine
2022-05-21 17:18:57,359 - ecommerce -INFO - Sorting working fine
2022-05-21 17:18:57,369 - ecommerce -INFO - Sorting working fine
2022-05-21 17:18:57,380 - ecommerce -INFO - Sorting working fine
2022-05-21 17:18:57,391 - ecommerce -INFO - Sorting working fine
2022-05-21 17:18:57,402 - ecommerce -INFO - Sorting working fine
2022-05-21 17:18:57,414 - ecommerce -INFO - Sorting working fine
2022-05-21 17:24:47,849 - ecommerce -INFO - Registration FirstName is: Sharanya
2022-05-21 17:24:48,030 - ecommerce -INFO - Rajasekaran
2022-05-21 17:24:48,134 - ecommerce -INFO - 0123456789
2022-05-21 17:24:48,332 - ecommerce -INFO - Sharanya.rajasekarann@gmail.com
2022-05-21 17:24:48,466 - ecommerce -INFO - Tenderfoot@2020
2022-05-21 17:29:52,693 - ecommerce -INFO - Registration FirstName is: Sharanya
2022-05-21 17:29:52,812 - ecommerce -INFO - Rajasekaran
2022-05-21 17:29:52,910 - ecommerce -INFO - 0123456789
2022-05-21 17:29:53,101 - ecommerce -INFO - Sharanya.rajasekarann@gmail.com
2022-05-21 17:29:53,215 - ecommerce -INFO - Tenderfoot@2020
2022-05-21 17:30:36,103 - ecommerce -INFO - Registration FirstName is: Sharanya
2022-05-21 17:30:36,294 - ecommerce -INFO - Rajasekaran
2022-05-21 17:30:36,409 - ecommerce -INFO - 0123456789
2022-05-21 17:30:36,622 - ecommerce -INFO - Sharanya.rajasekarann@gmail.com
2022-05-21 17:30:36,756 - ecommerce -INFO - Tenderfoot@2020
2022-05-21 17:31:25,624 - ecommerce -INFO - Registration FirstName is: Sharanya
2022-05-21 17:31:25,775 - ecommerce -INFO - Rajasekaran
2022-05-21 17:31:25,879 - ecommerce -INFO - 0123456789
2022-05-21 17:31:26,067 - ecommerce -INFO - Sharanya.rajasekarann@gmail.com
2022-05-21 17:31:26,184 - ecommerce -INFO - Tenderfoot@2020
2022-05-21 18:10:42,854 - ecommerce -INFO - Registration FirstName is: Sharanya
2022-05-21 18:10:42,996 - ecommerce -INFO - Rajasekaran
2022-05-21 18:10:43,092 - ecommerce -INFO - 0123456789
2022-05-21 18:10:43,281 - ecommerce -INFO - Sharanya.rajasekarann@gmail.com
2022-05-21 18:10:43,414 - ecommerce -INFO - Tenderfoot@2020
2022-05-21 18:12:53,338 - ecommerce -INFO - Login passed
2022-05-21 18:20:12,875 - ecommerce -INFO - user name provided
2022-05-21 18:20:12,875 - ecommerce -INFO - user name provided
2022-05-21 18:20:12,993 - ecommerce -INFO - password provided
2022-05-21 18:20:12,993 - ecommerce -INFO - password provided
2022-05-21 18:20:17,328 - ecommerce -INFO - user name provided
2022-05-21 18:20:17,328 - ecommerce -INFO - user name provided
2022-05-21 18:20:17,425 - ecommerce -INFO - password provided
2022-05-21 18:20:17,425 - ecommerce -INFO - password provided
2022-05-21 18:20:21,839 - ecommerce -INFO - user name provided
2022-05-21 18:20:21,839 - ecommerce -INFO - user name provided
2022-05-21 18:20:21,930 - ecommerce -INFO - password provided
2022-05-21 18:20:21,930 - ecommerce -INFO - password provided
2022-05-21 18:20:25,583 - ecommerce -INFO - user name provided
2022-05-21 18:20:25,583 - ecommerce -INFO - user name provided
2022-05-21 18:20:25,678 - ecommerce -INFO - password provided
2022-05-21 18:20:25,678 - ecommerce -INFO - password provided
2022-05-21 18:20:29,648 - ecommerce -INFO - user name provided
2022-05-21 18:20:29,724 - ecommerce -INFO - password provided
2022-05-21 18:26:43,868 - ecommerce -INFO - Recommendation Link Available
2022-05-21 18:26:46,800 - ecommerce -INFO - Recommendation Content Available
2022-05-21 18:32:57,692 - ecommerce -INFO - Coupon not Valid
2022-05-21 18:34:02,199 - ecommerce -INFO - Coupon not Valid
2022-05-21 18:46:18,942 - ecommerce -INFO - Subscription Content Available
2022-05-21 18:53:48,984 - ecommerce -INFO - MyRegistries Content Available
2022-05-21 19:01:00,593 - ecommerce -INFO - Profile Click passed
2022-05-21 19:01:04,508 - ecommerce -INFO - Email Info working good
2022-05-21 19:03:01,091 - ecommerce -INFO - Profile Click passed
2022-05-21 19:03:04,969 - ecommerce -INFO - Email Info working good
2022-05-21 19:04:00,476 - ecommerce -INFO - Profile Click passed
2022-05-21 19:04:04,367 - ecommerce -INFO - Email Info working good
2022-05-21 19:04:29,555 - ecommerce -INFO - Language Preference Info works good
2022-05-21 19:04:32,099 - ecommerce -INFO - Discount Info working good
2022-05-21 22:30:43,955 - ecommerce -INFO - Edit Address passed
2022-05-21 22:32:02,295 - ecommerce -INFO - Edit Address passed
2022-05-21 22:44:53,875 - ecommerce -INFO - Add Address passed
2022-05-21 22:54:10,287 - ecommerce -INFO - Add Address passed
2022-05-21 23:27:17,421 - ecommerce -INFO - Edit Address passed
2022-05-21 23:42:08,830 - ecommerce -INFO - Add Address passed
2022-05-21 23:48:29,932 - ecommerce -INFO - Edit Address passed
2022-05-21 23:49:02,272 - ecommerce -INFO - Edit Address passed
2022-05-21 23:49:09,078 - ecommerce -INFO - Edit Address passed
2022-05-21 23:49:18,954 - ecommerce -INFO - Add Address passed
2022-05-21 23:51:51,202 - ecommerce -INFO - Add Card working
2022-05-21 23:56:02,633 - ecommerce -INFO - Signout Working
2022-05-22 00:02:20,613 - ecommerce -INFO - Valid Search
2022-05-22 00:02:20,652 - ecommerce -INFO - 25
2022-05-22 00:02:20,652 - ecommerce -INFO - Page Count available
2022-05-22 00:32:51,935 - ecommerce -INFO - Valid Search
2022-05-22 00:32:51,975 - ecommerce -INFO - 25
2022-05-22 00:32:51,975 - ecommerce -INFO - Page Count available
2022-05-22 00:33:02,212 - ecommerce -INFO - Sorting working fine
2022-05-22 00:33:02,224 - ecommerce -INFO - Sorting working fine
2022-05-22 00:33:02,234 - ecommerce -INFO - Sorting working fine
2022-05-22 00:33:02,245 - ecommerce -INFO - Sorting working fine
2022-05-22 00:33:02,256 - ecommerce -INFO - Sorting working fine
2022-05-22 00:33:02,266 - ecommerce -INFO - Sorting working fine
2022-05-22 00:33:02,277 - ecommerce -INFO - Sorting working fine
2022-05-22 00:33:02,287 - ecommerce -INFO - Sorting working fine
2022-05-22 00:33:02,299 - ecommerce -INFO - Sorting working fine
2022-05-22 00:33:02,309 - ecommerce -INFO - Sorting working fine
2022-05-22 00:33:02,319 - ecommerce -INFO - Sorting working fine
2022-05-22 00:33:02,330 - ecommerce -INFO - Sorting working fine
2022-05-22 00:33:02,340 - ecommerce -INFO - Sorting working fine
2022-05-22 00:33:02,351 - ecommerce -INFO - Sorting working fine
2022-05-22 01:00:40,407 - ecommerce -INFO - New Item added
2022-05-22 01:24:24,628 - ecommerce -INFO - New Item added
2022-05-22 10:49:42,309 - ecommerce -INFO - New Item added
2022-05-22 14:35:04,414 - ecommerce -INFO - New Item added
2022-05-22 14:35:44,738 - ecommerce -INFO - New Item added
2022-05-22 14:38:28,053 - ecommerce -INFO - New Item added
2022-05-22 15:27:07,334 - ecommerce -INFO - New Item added
2022-05-22 15:37:05,430 - ecommerce -INFO - Add Quantity Working
2022-05-22 15:38:21,941 - ecommerce -INFO - Add Same Items Working
2022-05-22 15:47:19,284 - ecommerce -INFO - Add different Items Working
2022-05-22 16:06:29,553 - ecommerce -INFO - Remove Items Working
2022-05-22 16:11:34,349 - ecommerce -INFO - Remove Items Working
2022-05-22 16:12:24,318 - ecommerce -INFO - Remove Items Working
2022-05-22 16:36:04,820 - ecommerce -INFO - Remove Items Working
2022-05-22 21:48:00,729 - ecommerce -INFO - New Item added
2022-05-22 21:48:02,942 - ecommerce -INFO - Add Quantity Working
2022-05-22 21:48:14,996 - ecommerce -INFO - Add Same Items Working
2022-05-22 21:51:30,684 - ecommerce -INFO - New Item added
2022-05-22 21:51:32,897 - ecommerce -INFO - Add Quantity Working
2022-05-22 21:51:44,933 - ecommerce -INFO - Add Same Items Working
2022-05-22 21:51:59,305 - ecommerce -INFO - Remove Items Working
2022-05-22 21:52:11,473 - ecommerce -INFO - Remove All Items Working
